TN:
SF:src/main.ts
FN:19,(anonymous_0)
FN:22,(anonymous_1)
FN:23,(anonymous_2)
FN:29,(anonymous_3)
FN:30,(anonymous_4)
FN:66,(anonymous_5)
FN:70,(anonymous_6)
FN:71,(anonymous_7)
FN:77,(anonymous_8)
FN:78,(anonymous_9)
FN:107,(anonymous_10)
FNF:11
FNH:0
FNDA:0,(anonymous_0)
FNDA:0,(anonymous_1)
FNDA:0,(anonymous_2)
FNDA:0,(anonymous_3)
FNDA:0,(anonymous_4)
FNDA:0,(anonymous_5)
FNDA:0,(anonymous_6)
FNDA:0,(anonymous_7)
FNDA:0,(anonymous_8)
FNDA:0,(anonymous_9)
FNDA:0,(anonymous_10)
DA:6,0
DA:20,0
DA:22,0
DA:23,0
DA:24,0
DA:25,0
DA:29,0
DA:30,0
DA:31,0
DA:32,0
DA:36,0
DA:37,0
DA:39,0
DA:42,0
DA:47,0
DA:67,0
DA:68,0
DA:70,0
DA:71,0
DA:72,0
DA:73,0
DA:77,0
DA:78,0
DA:79,0
DA:80,0
DA:84,0
DA:85,0
DA:87,0
DA:90,0
DA:95,0
DA:107,0
DA:108,0
DA:109,0
LF:33
LH:0
BRDA:40,0,0,0
BRDA:40,0,1,0
BRDA:88,1,0,0
BRDA:88,1,1,0
BRDA:108,2,0,0
BRDA:108,2,1,0
BRF:6
BRH:0
end_of_record
TN:
SF:src/abstraction/EnhancedWorkItemsManager.ts
FN:34,(anonymous_0)
FN:108,(anonymous_1)
FN:118,(anonymous_2)
FN:131,(anonymous_3)
FN:154,(anonymous_4)
FN:171,(anonymous_5)
FN:197,(anonymous_6)
FN:223,(anonymous_7)
FN:252,(anonymous_8)
FN:270,(anonymous_9)
FN:312,(anonymous_10)
FN:334,(anonymous_11)
FN:345,(anonymous_12)
FN:364,(anonymous_13)
FN:377,(anonymous_14)
FN:390,(anonymous_15)
FN:401,(anonymous_16)
FN:410,(anonymous_17)
FN:419,(anonymous_18)
FNF:19
FNH:8
FNDA:2,(anonymous_0)
FNDA:1,(anonymous_1)
FNDA:0,(anonymous_2)
FNDA:3,(anonymous_3)
FNDA:2,(anonymous_4)
FNDA:1,(anonymous_5)
FNDA:0,(anonymous_6)
FNDA:0,(anonymous_7)
FNDA:1,(anonymous_8)
FNDA:1,(anonymous_9)
FNDA:0,(anonymous_10)
FNDA:0,(anonymous_11)
FNDA:0,(anonymous_12)
FNDA:0,(anonymous_13)
FNDA:0,(anonymous_14)
FNDA:0,(anonymous_15)
FNDA:0,(anonymous_16)
FNDA:0,(anonymous_17)
FNDA:3,(anonymous_18)
DA:1,1
DA:2,1
DA:3,1
DA:4,1
DA:25,1
DA:26,12
DA:27,12
DA:28,12
DA:40,2
DA:41,2
DA:42,2
DA:43,2
DA:45,2
DA:46,0
DA:49,2
DA:50,3
DA:52,3
DA:55,3
DA:56,3
DA:58,3
DA:59,3
DA:60,3
DA:61,0
DA:63,3
DA:66,0
DA:68,0
DA:71,0
DA:74,0
DA:75,0
DA:76,0
DA:78,0
DA:79,0
DA:82,0
DA:83,0
DA:84,0
DA:91,2
DA:92,0
DA:93,0
DA:94,0
DA:95,0
DA:97,0
DA:98,0
DA:102,2
DA:113,1
DA:114,1
DA:117,1
DA:118,0
DA:119,0
DA:120,0
DA:122,0
DA:130,1
DA:131,1
DA:132,3
DA:133,3
DA:134,0
DA:136,3
DA:144,1
DA:155,2
DA:157,2
DA:158,0
DA:159,0
DA:161,0
DA:165,2
DA:172,1
DA:173,1
DA:175,1
DA:177,0
DA:178,0
DA:180,0
DA:185,1
DA:198,0
DA:199,0
DA:201,0
DA:203,0
DA:204,0
DA:206,0
DA:211,0
DA:224,0
DA:225,0
DA:226,0
DA:228,0
DA:230,0
DA:231,0
DA:233,0
DA:239,0
DA:240,0
DA:241,0
DA:242,0
DA:243,0
DA:246,0
DA:253,1
DA:255,1
DA:256,0
DA:257,0
DA:258,0
DA:260,0
DA:264,1
DA:280,1
DA:281,1
DA:283,1
DA:284,1
DA:286,1
DA:287,1
DA:293,0
DA:294,0
DA:297,0
DA:309,0
DA:310,0
DA:312,0
DA:318,0
DA:328,0
DA:335,0
DA:336,0
DA:338,0
DA:339,0
DA:342,0
DA:350,0
DA:351,0
DA:353,0
DA:365,0
DA:367,0
DA:369,0
DA:371,0
DA:373,0
DA:378,0
DA:380,0
DA:382,0
DA:384,0
DA:386,0
DA:391,0
DA:393,0
DA:395,0
DA:397,0
DA:402,0
DA:404,0
DA:406,0
DA:411,0
DA:413,0
DA:415,0
DA:421,3
DA:422,0
DA:423,0
DA:427,3
DA:428,0
DA:429,0
DA:433,3
LF:146
LH:52
BRDA:34,0,0,0
BRDA:45,1,0,0
BRDA:45,1,1,2
BRDA:50,2,0,0
BRDA:50,2,1,3
BRDA:58,3,0,3
BRDA:58,3,1,0
BRDA:60,4,0,0
BRDA:60,4,1,3
BRDA:78,5,0,0
BRDA:78,5,1,0
BRDA:83,6,0,0
BRDA:83,6,1,0
BRDA:85,7,0,0
BRDA:85,7,1,0
BRDA:91,8,0,0
BRDA:91,8,1,2
BRDA:97,9,0,0
BRDA:97,9,1,0
BRDA:117,10,0,0
BRDA:117,10,1,1
BRDA:119,11,0,0
BRDA:119,11,1,0
BRDA:124,12,0,0
BRDA:124,12,1,0
BRDA:133,13,0,0
BRDA:133,13,1,3
BRDA:138,14,0,3
BRDA:138,14,1,0
BRDA:175,15,0,0
BRDA:175,15,1,1
BRDA:201,16,0,0
BRDA:201,16,1,0
BRDA:224,17,0,0
BRDA:224,17,1,0
BRDA:228,18,0,0
BRDA:228,18,1,0
BRDA:228,19,0,0
BRDA:228,19,1,0
BRDA:240,20,0,0
BRDA:240,20,1,0
BRDA:241,21,0,0
BRDA:241,21,1,0
BRDA:241,22,0,0
BRDA:241,22,1,0
BRDA:242,23,0,0
BRDA:242,23,1,0
BRDA:243,24,0,0
BRDA:243,24,1,0
BRDA:274,25,0,0
BRDA:286,26,0,1
BRDA:286,26,1,0
BRDA:286,27,0,1
BRDA:286,27,1,0
BRDA:301,28,0,0
BRDA:301,28,1,0
BRDA:302,29,0,0
BRDA:302,29,1,0
BRDA:309,30,0,0
BRDA:309,30,1,0
BRDA:338,31,0,0
BRDA:338,31,1,0
BRDA:342,32,0,0
BRDA:342,32,1,0
BRDA:355,33,0,0
BRDA:355,33,1,0
BRDA:365,34,0,0
BRDA:365,34,1,0
BRDA:365,34,2,0
BRDA:365,34,3,0
BRDA:369,35,0,0
BRDA:369,35,1,0
BRDA:378,36,0,0
BRDA:378,36,1,0
BRDA:378,36,2,0
BRDA:378,36,3,0
BRDA:380,37,0,0
BRDA:380,37,1,0
BRDA:382,38,0,0
BRDA:382,38,1,0
BRDA:384,39,0,0
BRDA:384,39,1,0
BRDA:391,40,0,0
BRDA:391,40,1,0
BRDA:391,40,2,0
BRDA:402,41,0,0
BRDA:402,41,1,0
BRDA:411,42,0,0
BRDA:411,42,1,0
BRDA:421,43,0,0
BRDA:421,43,1,3
BRDA:423,44,0,0
BRDA:423,44,1,0
BRDA:428,45,0,0
BRDA:428,45,1,0
BRDA:428,46,0,0
BRDA:428,46,1,0
BRF:97
BRH:12
end_of_record
TN:
SF:src/abstraction/WorkItemsManager.ts
FN:7,(anonymous_0)
FN:9,(anonymous_1)
FN:14,(anonymous_2)
FN:96,(anonymous_3)
FN:140,(anonymous_4)
FN:182,(anonymous_5)
FN:205,(anonymous_6)
FN:250,(anonymous_7)
FN:273,(anonymous_8)
FN:302,(anonymous_9)
FN:317,(anonymous_10)
FN:331,(anonymous_11)
FN:345,(anonymous_12)
FN:361,(anonymous_13)
FN:405,(anonymous_14)
FN:410,(anonymous_15)
FN:419,(anonymous_16)
FN:447,(anonymous_17)
FN:451,(anonymous_18)
FN:454,(anonymous_19)
FN:458,(anonymous_20)
FN:464,(anonymous_21)
FNF:22
FNH:22
FNDA:45,(anonymous_0)
FNDA:16,(anonymous_1)
FNDA:6,(anonymous_2)
FNDA:6,(anonymous_3)
FNDA:4,(anonymous_4)
FNDA:2,(anonymous_5)
FNDA:2,(anonymous_6)
FNDA:7,(anonymous_7)
FNDA:8,(anonymous_8)
FNDA:1,(anonymous_9)
FNDA:12,(anonymous_10)
FNDA:14,(anonymous_11)
FNDA:11,(anonymous_12)
FNDA:11,(anonymous_13)
FNDA:7,(anonymous_14)
FNDA:19,(anonymous_15)
FNDA:10,(anonymous_16)
FNDA:10,(anonymous_17)
FNDA:22,(anonymous_18)
FNDA:22,(anonymous_19)
FNDA:4,(anonymous_20)
FNDA:1,(anonymous_21)
DA:4,2
DA:6,2
DA:7,45
DA:10,16
DA:11,16
DA:15,6
DA:17,6
DA:18,4
DA:19,4
DA:21,4
DA:22,1
DA:25,3
DA:27,3
DA:28,3
DA:33,2
DA:34,2
DA:35,2
DA:37,1
DA:38,1
DA:39,1
DA:40,1
DA:46,2
DA:47,2
DA:49,0
DA:53,2
DA:54,2
DA:56,1
DA:58,1
DA:59,1
DA:60,1
DA:61,1
DA:62,1
DA:64,1
DA:65,1
DA:66,1
DA:68,1
DA:69,1
DA:70,1
DA:71,1
DA:76,1
DA:78,0
DA:79,0
DA:83,0
DA:93,5
DA:97,6
DA:98,6
DA:100,6
DA:101,1
DA:104,5
DA:106,5
DA:107,5
DA:108,9
DA:109,9
DA:110,3
DA:111,3
DA:115,5
DA:116,2
DA:119,3
DA:120,3
DA:122,3
DA:124,3
DA:125,3
DA:126,3
DA:127,3
DA:129,2
DA:130,2
DA:133,1
DA:137,0
DA:141,4
DA:142,4
DA:144,4
DA:145,1
DA:148,3
DA:150,3
DA:151,3
DA:152,5
DA:153,5
DA:154,2
DA:155,2
DA:159,3
DA:160,1
DA:163,2
DA:168,2
DA:170,2
DA:171,2
DA:172,2
DA:174,2
DA:175,2
DA:179,0
DA:183,2
DA:185,2
DA:186,1
DA:189,1
DA:197,1
DA:202,1
DA:206,2
DA:207,2
DA:209,2
DA:210,0
DA:213,2
DA:215,2
DA:216,2
DA:217,2
DA:218,2
DA:219,2
DA:220,2
DA:224,2
DA:225,0
DA:228,2
DA:229,2
DA:231,2
DA:232,2
DA:233,2
DA:235,2
DA:236,1
DA:240,0
DA:241,0
DA:243,0
DA:247,1
DA:251,7
DA:252,7
DA:254,7
DA:270,7
DA:278,8
DA:280,8
DA:281,6
DA:282,3
DA:283,3
DA:284,3
DA:285,3
DA:286,2
DA:287,1
DA:288,1
DA:292,8
DA:293,8
DA:294,4
DA:295,4
DA:297,8
DA:298,5
DA:300,8
DA:301,1
DA:302,1
DA:304,8
DA:305,2
DA:307,8
DA:308,0
DA:310,8
DA:311,2
DA:314,8
DA:318,12
DA:328,12
DA:332,14
DA:342,14
DA:346,11
DA:347,5
DA:348,6
DA:349,3
DA:350,3
DA:351,3
DA:355,3
DA:358,0
DA:362,11
DA:364,11
DA:365,9
DA:366,1
DA:368,8
DA:377,11
DA:378,1
DA:379,2
DA:380,1
DA:382,1
DA:392,11
DA:393,1
DA:394,0
DA:396,1
DA:402,11
DA:407,7
DA:411,19
DA:423,10
DA:424,2
DA:430,8
DA:431,7
DA:437,1
DA:448,10
DA:450,9
DA:451,9
DA:452,22
DA:454,22
DA:457,1
DA:458,4
DA:461,0
DA:465,1
LF:192
LH:177
BRDA:17,0,0,4
BRDA:17,0,1,2
BRDA:21,1,0,1
BRDA:21,1,1,3
BRDA:33,2,0,2
BRDA:33,2,1,0
BRDA:37,3,0,1
BRDA:37,3,1,0
BRDA:39,4,0,1
BRDA:39,4,1,0
BRDA:46,5,0,2
BRDA:46,5,1,0
BRDA:54,6,0,1
BRDA:54,6,1,1
BRDA:60,7,0,1
BRDA:60,7,1,0
BRDA:62,8,0,1
BRDA:62,8,1,1
BRDA:64,9,0,1
BRDA:64,9,1,0
BRDA:68,10,0,1
BRDA:68,10,1,0
BRDA:70,11,0,1
BRDA:70,11,1,0
BRDA:78,12,0,0
BRDA:78,12,1,0
BRDA:100,13,0,1
BRDA:100,13,1,5
BRDA:109,14,0,3
BRDA:109,14,1,6
BRDA:115,15,0,2
BRDA:115,15,1,3
BRDA:124,16,0,3
BRDA:124,16,1,0
BRDA:129,17,0,2
BRDA:129,17,1,0
BRDA:144,18,0,1
BRDA:144,18,1,3
BRDA:153,19,0,2
BRDA:153,19,1,3
BRDA:159,20,0,1
BRDA:159,20,1,2
BRDA:170,21,0,2
BRDA:170,21,1,0
BRDA:174,22,0,2
BRDA:174,22,1,0
BRDA:185,23,0,1
BRDA:185,23,1,1
BRDA:209,24,0,0
BRDA:209,24,1,2
BRDA:218,25,0,2
BRDA:218,25,1,0
BRDA:224,26,0,0
BRDA:224,26,1,2
BRDA:231,27,0,2
BRDA:231,27,1,0
BRDA:235,28,0,1
BRDA:235,28,1,1
BRDA:240,29,0,0
BRDA:240,29,1,0
BRDA:255,30,0,7
BRDA:255,30,1,0
BRDA:255,30,2,0
BRDA:257,31,0,7
BRDA:257,31,1,7
BRDA:257,31,2,7
BRDA:258,32,0,7
BRDA:258,32,1,0
BRDA:258,32,2,0
BRDA:258,32,3,0
BRDA:259,33,0,7
BRDA:259,33,1,0
BRDA:259,33,2,0
BRDA:259,33,3,0
BRDA:260,34,0,7
BRDA:260,34,1,0
BRDA:260,34,2,0
BRDA:264,35,0,7
BRDA:264,35,1,0
BRDA:265,36,0,7
BRDA:265,36,1,0
BRDA:266,37,0,7
BRDA:266,37,1,0
BRDA:280,38,0,6
BRDA:280,38,1,2
BRDA:281,39,0,3
BRDA:281,39,1,3
BRDA:285,40,0,2
BRDA:285,40,1,1
BRDA:287,41,0,1
BRDA:287,41,1,0
BRDA:292,42,0,7
BRDA:292,42,1,1
BRDA:293,43,0,4
BRDA:293,43,1,4
BRDA:297,44,0,5
BRDA:297,44,1,3
BRDA:300,45,0,1
BRDA:300,45,1,7
BRDA:300,46,0,8
BRDA:300,46,1,1
BRDA:304,47,0,2
BRDA:304,47,1,6
BRDA:307,48,0,0
BRDA:307,48,1,8
BRDA:310,49,0,2
BRDA:310,49,1,6
BRDA:328,50,0,12
BRDA:328,50,1,1
BRDA:342,51,0,14
BRDA:342,51,1,1
BRDA:346,52,0,5
BRDA:346,52,1,6
BRDA:347,53,0,4
BRDA:347,53,1,1
BRDA:348,54,0,3
BRDA:348,54,1,3
BRDA:349,55,0,2
BRDA:349,55,1,1
BRDA:350,56,0,3
BRDA:350,56,1,0
BRDA:355,57,0,3
BRDA:355,57,1,0
BRDA:364,58,0,9
BRDA:364,58,1,2
BRDA:365,59,0,1
BRDA:365,59,1,8
BRDA:370,60,0,8
BRDA:370,60,1,0
BRDA:370,60,2,0
BRDA:371,61,0,8
BRDA:371,61,1,0
BRDA:371,61,2,0
BRDA:371,61,3,0
BRDA:377,62,0,1
BRDA:377,62,1,10
BRDA:377,63,0,11
BRDA:377,63,1,1
BRDA:379,64,0,1
BRDA:379,64,1,1
BRDA:384,65,0,1
BRDA:384,65,1,0
BRDA:384,65,2,0
BRDA:385,66,0,1
BRDA:385,66,1,0
BRDA:385,66,2,0
BRDA:385,66,3,0
BRDA:392,67,0,1
BRDA:392,67,1,10
BRDA:392,68,0,11
BRDA:392,68,1,1
BRDA:393,69,0,0
BRDA:393,69,1,1
BRDA:397,70,0,1
BRDA:397,70,1,0
BRDA:397,71,0,1
BRDA:397,71,1,0
BRDA:423,72,0,2
BRDA:423,72,1,8
BRDA:425,73,0,2
BRDA:425,73,1,1
BRDA:427,74,0,1
BRDA:427,74,1,1
BRDA:427,75,0,2
BRDA:427,75,1,1
BRDA:430,76,0,7
BRDA:430,76,1,1
BRDA:432,77,0,7
BRDA:432,77,1,0
BRDA:438,78,0,1
BRDA:438,78,1,0
BRDA:439,79,0,1
BRDA:439,79,1,0
BRDA:440,80,0,1
BRDA:440,80,1,0
BRDA:440,80,2,0
BRDA:448,81,0,9
BRDA:448,81,1,1
BRDA:448,82,0,10
BRDA:448,82,1,9
BRDA:452,83,0,3
BRDA:452,83,1,19
BRDA:452,84,0,19
BRDA:452,84,1,2
BRDA:452,85,0,17
BRDA:452,85,1,2
BRDA:457,86,0,1
BRDA:457,86,1,0
BRDA:457,87,0,1
BRDA:457,87,1,1
BRF:190
BRH:134
end_of_record
TN:
SF:src/adapters/AdapterFactory.ts
FN:11,(anonymous_0)
FN:24,(anonymous_1)
FN:37,(anonymous_2)
FN:49,(anonymous_3)
FN:56,(anonymous_4)
FN:63,(anonymous_5)
FN:78,(anonymous_6)
FN:100,(anonymous_7)
FN:107,(anonymous_8)
FN:118,(anonymous_9)
FN:125,(anonymous_10)
FN:132,(anonymous_11)
FN:150,(anonymous_12)
FN:157,(anonymous_13)
FN:171,(anonymous_14)
FN:180,(anonymous_15)
FN:187,(anonymous_16)
FN:209,(anonymous_17)
FN:230,(anonymous_18)
FN:256,(anonymous_19)
FN:275,(anonymous_20)
FN:292,(anonymous_21)
FN:309,(anonymous_22)
FNF:23
FNH:0
FNDA:0,(anonymous_0)
FNDA:0,(anonymous_1)
FNDA:0,(anonymous_2)
FNDA:0,(anonymous_3)
FNDA:0,(anonymous_4)
FNDA:0,(anonymous_5)
FNDA:0,(anonymous_6)
FNDA:0,(anonymous_7)
FNDA:0,(anonymous_8)
FNDA:0,(anonymous_9)
FNDA:0,(anonymous_10)
FNDA:0,(anonymous_11)
FNDA:0,(anonymous_12)
FNDA:0,(anonymous_13)
FNDA:0,(anonymous_14)
FNDA:0,(anonymous_15)
FNDA:0,(anonymous_16)
FNDA:0,(anonymous_17)
FNDA:0,(anonymous_18)
FNDA:0,(anonymous_19)
FNDA:0,(anonymous_20)
FNDA:0,(anonymous_21)
FNDA:0,(anonymous_22)
DA:2,1
DA:3,1
DA:4,1
DA:10,1
DA:15,1
DA:25,0
DA:27,0
DA:28,0
DA:31,0
DA:41,0
DA:42,0
DA:43,0
DA:50,0
DA:57,0
DA:64,0
DA:71,1
DA:72,1
DA:73,1
DA:84,0
DA:87,0
DA:90,0
DA:91,0
DA:93,0
DA:94,0
DA:101,0
DA:108,0
DA:109,0
DA:110,0
DA:112,0
DA:119,0
DA:126,0
DA:133,0
DA:135,0
DA:136,0
DA:137,0
DA:138,0
DA:139,0
DA:144,0
DA:151,0
DA:158,0
DA:159,0
DA:161,0
DA:162,0
DA:165,0
DA:172,0
DA:173,0
DA:174,0
DA:181,0
DA:188,0
DA:189,0
DA:192,0
DA:193,0
DA:196,0
DA:199,0
DA:200,0
DA:202,0
DA:203,0
DA:210,0
DA:212,0
DA:213,0
DA:214,0
DA:215,0
DA:217,0
DA:224,0
DA:235,0
DA:236,0
DA:238,0
DA:239,0
DA:240,0
DA:244,0
DA:246,0
DA:257,0
DA:259,0
DA:260,0
DA:263,0
DA:264,0
DA:265,0
DA:266,0
DA:269,0
DA:276,0
DA:277,0
DA:279,0
DA:280,0
DA:283,0
DA:294,0
DA:295,0
DA:296,0
DA:297,0
DA:298,0
DA:302,0
DA:303,0
DA:304,0
DA:306,0
DA:311,0
DA:312,0
DA:315,0
DA:316,0
DA:319,0
DA:320,0
DA:324,0
DA:326,0
DA:327,0
DA:329,0
DA:332,0
DA:333,0
DA:337,0
DA:340,0
DA:341,0
DA:343,0
DA:344,0
DA:346,0
DA:354,1
LF:112
LH:9
BRDA:27,0,0,0
BRDA:27,0,1,0
BRDA:109,1,0,0
BRDA:109,1,1,0
BRDA:136,2,0,0
BRDA:136,2,1,0
BRDA:138,3,0,0
BRDA:138,3,1,0
BRDA:161,4,0,0
BRDA:161,4,1,0
BRDA:188,5,0,0
BRDA:188,5,1,0
BRDA:219,6,0,0
BRDA:219,6,1,0
BRDA:240,7,0,0
BRDA:240,7,1,0
BRDA:259,8,0,0
BRDA:259,8,1,0
BRDA:263,9,0,0
BRDA:263,9,1,0
BRDA:265,10,0,0
BRDA:265,10,1,0
BRDA:279,11,0,0
BRDA:279,11,1,0
BRDA:294,12,0,0
BRDA:294,12,1,0
BRDA:295,13,0,0
BRDA:295,13,1,0
BRDA:296,14,0,0
BRDA:296,14,1,0
BRDA:297,15,0,0
BRDA:297,15,1,0
BRDA:297,16,0,0
BRDA:297,16,1,0
BRDA:302,17,0,0
BRDA:302,17,1,0
BRDA:303,18,0,0
BRDA:303,18,1,0
BRDA:303,19,0,0
BRDA:303,19,1,0
BRDA:304,20,0,0
BRDA:304,20,1,0
BRDA:304,21,0,0
BRDA:304,21,1,0
BRDA:311,22,0,0
BRDA:311,22,1,0
BRDA:315,23,0,0
BRDA:315,23,1,0
BRDA:319,24,0,0
BRDA:319,24,1,0
BRDA:324,25,0,0
BRDA:324,25,1,0
BRDA:324,25,2,0
BRDA:326,26,0,0
BRDA:326,26,1,0
BRDA:332,27,0,0
BRDA:332,27,1,0
BRDA:332,28,0,0
BRDA:332,28,1,0
BRDA:340,29,0,0
BRDA:340,29,1,0
BRDA:343,30,0,0
BRDA:343,30,1,0
BRF:63
BRH:0
end_of_record
TN:
SF:src/adapters/AzureAdapter.ts
FN:79,(anonymous_0)
FN:95,(anonymous_1)
FN:116,(anonymous_2)
FN:136,(anonymous_3)
FN:156,(anonymous_4)
FN:182,(anonymous_5)
FN:192,(anonymous_6)
FN:219,(anonymous_7)
FN:250,(anonymous_8)
FN:268,(anonymous_9)
FN:292,(anonymous_10)
FN:312,(anonymous_11)
FN:315,(anonymous_12)
FN:333,(anonymous_13)
FN:353,(anonymous_14)
FN:356,(anonymous_15)
FN:391,(anonymous_16)
FN:405,(anonymous_17)
FN:437,(anonymous_18)
FN:457,(anonymous_19)
FN:467,(anonymous_20)
FN:482,(anonymous_21)
FN:526,(anonymous_22)
FN:539,(anonymous_23)
FN:554,(anonymous_24)
FN:575,(anonymous_25)
FN:596,(anonymous_26)
FN:644,(anonymous_27)
FN:695,(anonymous_28)
FN:729,(anonymous_29)
FN:744,(anonymous_30)
FN:749,(anonymous_31)
FN:753,(anonymous_32)
FN:764,(anonymous_33)
FN:777,(anonymous_34)
FN:788,(anonymous_35)
FN:792,(anonymous_36)
FN:793,(anonymous_37)
FN:796,(anonymous_38)
FN:809,(anonymous_39)
FN:819,(anonymous_40)
FNF:41
FNH:0
FNDA:0,(anonymous_0)
FNDA:0,(anonymous_1)
FNDA:0,(anonymous_2)
FNDA:0,(anonymous_3)
FNDA:0,(anonymous_4)
FNDA:0,(anonymous_5)
FNDA:0,(anonymous_6)
FNDA:0,(anonymous_7)
FNDA:0,(anonymous_8)
FNDA:0,(anonymous_9)
FNDA:0,(anonymous_10)
FNDA:0,(anonymous_11)
FNDA:0,(anonymous_12)
FNDA:0,(anonymous_13)
FNDA:0,(anonymous_14)
FNDA:0,(anonymous_15)
FNDA:0,(anonymous_16)
FNDA:0,(anonymous_17)
FNDA:0,(anonymous_18)
FNDA:0,(anonymous_19)
FNDA:0,(anonymous_20)
FNDA:0,(anonymous_21)
FNDA:0,(anonymous_22)
FNDA:0,(anonymous_23)
FNDA:0,(anonymous_24)
FNDA:0,(anonymous_25)
FNDA:0,(anonymous_26)
FNDA:0,(anonymous_27)
FNDA:0,(anonymous_28)
FNDA:0,(anonymous_29)
FNDA:0,(anonymous_30)
FNDA:0,(anonymous_31)
FNDA:0,(anonymous_32)
FNDA:0,(anonymous_33)
FNDA:0,(anonymous_34)
FNDA:0,(anonymous_35)
FNDA:0,(anonymous_36)
FNDA:0,(anonymous_37)
FNDA:0,(anonymous_38)
FNDA:0,(anonymous_39)
FNDA:0,(anonymous_40)
DA:1,1
DA:73,1
DA:77,0
DA:80,0
DA:81,0
DA:82,0
DA:83,0
DA:85,0
DA:86,0
DA:89,0
DA:91,0
DA:92,0
DA:96,0
DA:97,0
DA:104,0
DA:105,0
DA:108,0
DA:110,0
DA:117,0
DA:119,0
DA:121,0
DA:128,0
DA:129,0
DA:132,0
DA:133,0
DA:137,0
DA:140,0
DA:142,0
DA:151,0
DA:152,0
DA:155,0
DA:156,0
DA:158,0
DA:159,0
DA:163,0
DA:164,0
DA:166,0
DA:167,0
DA:168,0
DA:170,0
DA:177,0
DA:178,0
DA:181,0
DA:182,0
DA:183,0
DA:186,0
DA:189,0
DA:193,0
DA:194,0
DA:196,0
DA:197,0
DA:199,0
DA:211,0
DA:212,0
DA:215,0
DA:216,0
DA:220,0
DA:222,0
DA:223,0
DA:225,0
DA:227,0
DA:230,0
DA:242,0
DA:243,0
DA:246,0
DA:247,0
DA:251,0
DA:253,0
DA:255,0
DA:263,0
DA:264,0
DA:269,0
DA:272,0
DA:278,0
DA:287,0
DA:288,0
DA:291,0
DA:292,0
DA:294,0
DA:295,0
DA:299,0
DA:300,0
DA:307,0
DA:308,0
DA:311,0
DA:312,0
DA:316,0
DA:319,0
DA:328,0
DA:329,0
DA:332,0
DA:333,0
DA:335,0
DA:336,0
DA:340,0
DA:341,0
DA:348,0
DA:349,0
DA:352,0
DA:353,0
DA:357,0
DA:359,0
DA:360,0
DA:361,0
DA:363,0
DA:374,0
DA:386,0
DA:387,0
DA:392,0
DA:394,0
DA:395,0
DA:398,0
DA:400,0
DA:401,0
DA:405,0
DA:406,0
DA:409,0
DA:410,0
DA:413,0
DA:420,0
DA:432,0
DA:433,0
DA:438,0
DA:440,0
DA:459,0
DA:460,0
DA:461,0
DA:462,0
DA:464,0
DA:468,0
DA:475,0
DA:476,0
DA:479,0
DA:483,0
DA:485,0
DA:502,0
DA:503,0
DA:505,0
DA:531,0
DA:540,0
DA:541,0
DA:543,0
DA:555,0
DA:557,0
DA:558,0
DA:559,0
DA:562,0
DA:563,0
DA:564,0
DA:565,0
DA:566,0
DA:570,0
DA:571,0
DA:574,0
DA:575,0
DA:576,0
DA:579,0
DA:580,0
DA:583,0
DA:584,0
DA:587,0
DA:588,0
DA:591,0
DA:593,0
DA:599,0
DA:601,0
DA:602,0
DA:605,0
DA:607,0
DA:614,0
DA:615,0
DA:618,0
DA:619,0
DA:620,0
DA:627,0
DA:628,0
DA:635,0
DA:636,0
DA:637,0
DA:641,0
DA:647,0
DA:649,0
DA:650,0
DA:653,0
DA:654,0
DA:661,0
DA:662,0
DA:663,0
DA:666,0
DA:667,0
DA:668,0
DA:671,0
DA:672,0
DA:675,0
DA:676,0
DA:677,0
DA:684,0
DA:685,0
DA:692,0
DA:696,0
DA:726,0
DA:730,0
DA:741,0
DA:745,0
DA:746,0
DA:750,0
DA:754,0
DA:761,0
DA:765,0
DA:767,0
DA:774,0
DA:778,0
DA:785,0
DA:789,0
DA:790,0
DA:792,0
DA:793,0
DA:797,0
DA:800,0
DA:801,0
DA:802,0
DA:806,0
DA:810,0
DA:816,0
DA:820,0
DA:821,0
LF:226
LH:2
BRDA:81,0,0,0
BRDA:81,0,1,0
BRDA:82,1,0,0
BRDA:82,1,1,0
BRDA:83,2,0,0
BRDA:83,2,1,0
BRDA:85,3,0,0
BRDA:85,3,1,0
BRDA:85,4,0,0
BRDA:85,4,1,0
BRDA:104,5,0,0
BRDA:104,5,1,0
BRDA:111,6,0,0
BRDA:111,6,1,0
BRDA:128,7,0,0
BRDA:128,7,1,0
BRDA:151,8,0,0
BRDA:151,8,1,0
BRDA:156,9,0,0
BRDA:156,9,1,0
BRDA:158,10,0,0
BRDA:158,10,1,0
BRDA:177,11,0,0
BRDA:177,11,1,0
BRDA:182,12,0,0
BRDA:182,12,1,0
BRDA:211,13,0,0
BRDA:211,13,1,0
BRDA:225,14,0,0
BRDA:225,14,1,0
BRDA:242,15,0,0
BRDA:242,15,1,0
BRDA:263,16,0,0
BRDA:263,16,1,0
BRDA:287,17,0,0
BRDA:287,17,1,0
BRDA:292,18,0,0
BRDA:292,18,1,0
BRDA:294,19,0,0
BRDA:294,19,1,0
BRDA:307,20,0,0
BRDA:307,20,1,0
BRDA:312,21,0,0
BRDA:312,21,1,0
BRDA:328,22,0,0
BRDA:328,22,1,0
BRDA:333,23,0,0
BRDA:333,23,1,0
BRDA:335,24,0,0
BRDA:335,24,1,0
BRDA:348,25,0,0
BRDA:348,25,1,0
BRDA:353,26,0,0
BRDA:353,26,1,0
BRDA:386,27,0,0
BRDA:386,27,1,0
BRDA:400,28,0,0
BRDA:400,28,1,0
BRDA:409,29,0,0
BRDA:409,29,1,0
BRDA:432,30,0,0
BRDA:432,30,1,0
BRDA:450,31,0,0
BRDA:450,31,1,0
BRDA:460,32,0,0
BRDA:460,32,1,0
BRDA:462,33,0,0
BRDA:462,33,1,0
BRDA:475,34,0,0
BRDA:475,34,1,0
BRDA:503,35,0,0
BRDA:503,35,1,0
BRDA:510,36,0,0
BRDA:510,36,1,0
BRDA:515,37,0,0
BRDA:515,37,1,0
BRDA:521,38,0,0
BRDA:521,38,1,0
BRDA:557,39,0,0
BRDA:557,39,1,0
BRDA:562,40,0,0
BRDA:562,40,1,0
BRDA:563,41,0,0
BRDA:563,41,1,0
BRDA:565,42,0,0
BRDA:565,42,1,0
BRDA:570,43,0,0
BRDA:570,43,1,0
BRDA:574,44,0,0
BRDA:574,44,1,0
BRDA:574,45,0,0
BRDA:574,45,1,0
BRDA:579,46,0,0
BRDA:579,46,1,0
BRDA:583,47,0,0
BRDA:583,47,1,0
BRDA:587,48,0,0
BRDA:587,48,1,0
BRDA:601,49,0,0
BRDA:601,49,1,0
BRDA:605,50,0,0
BRDA:605,50,1,0
BRDA:605,51,0,0
BRDA:605,51,1,0
BRDA:614,52,0,0
BRDA:614,52,1,0
BRDA:614,53,0,0
BRDA:614,53,1,0
BRDA:618,54,0,0
BRDA:618,54,1,0
BRDA:627,55,0,0
BRDA:627,55,1,0
BRDA:631,56,0,0
BRDA:631,56,1,0
BRDA:635,57,0,0
BRDA:635,57,1,0
BRDA:649,58,0,0
BRDA:649,58,1,0
BRDA:653,59,0,0
BRDA:653,59,1,0
BRDA:661,60,0,0
BRDA:661,60,1,0
BRDA:666,61,0,0
BRDA:666,61,1,0
BRDA:667,62,0,0
BRDA:667,62,1,0
BRDA:671,63,0,0
BRDA:671,63,1,0
BRDA:675,64,0,0
BRDA:675,64,1,0
BRDA:684,65,0,0
BRDA:684,65,1,0
BRDA:688,66,0,0
BRDA:688,66,1,0
BRDA:726,67,0,0
BRDA:726,67,1,0
BRDA:741,68,0,0
BRDA:741,68,1,0
BRDA:746,69,0,0
BRDA:746,69,1,0
BRDA:750,70,0,0
BRDA:750,70,1,0
BRDA:761,71,0,0
BRDA:761,71,1,0
BRDA:765,72,0,0
BRDA:765,72,1,0
BRDA:774,73,0,0
BRDA:774,73,1,0
BRDA:785,74,0,0
BRDA:785,74,1,0
BRDA:789,75,0,0
BRDA:789,75,1,0
BRDA:801,76,0,0
BRDA:801,76,1,0
BRDA:801,77,0,0
BRDA:801,77,1,0
BRF:156
BRH:0
end_of_record
TN:
SF:src/adapters/BaseAdapter.ts
FN:35,(anonymous_0)
FN:40,(anonymous_1)
FN:45,(anonymous_2)
FN:60,(anonymous_3)
FN:75,(anonymous_4)
FN:98,(anonymous_5)
FN:99,(anonymous_6)
FN:100,(anonymous_7)
FN:101,(anonymous_8)
FN:113,(anonymous_9)
FN:150,(anonymous_10)
FN:159,(anonymous_11)
FN:170,(anonymous_12)
FN:187,(anonymous_13)
FN:214,(anonymous_14)
FN:224,(anonymous_15)
FN:233,(anonymous_16)
FN:247,(anonymous_17)
FN:254,(anonymous_18)
FN:275,(anonymous_19)
FN:294,(anonymous_20)
FNF:21
FNH:0
FNDA:0,(anonymous_0)
FNDA:0,(anonymous_1)
FNDA:0,(anonymous_2)
FNDA:0,(anonymous_3)
FNDA:0,(anonymous_4)
FNDA:0,(anonymous_5)
FNDA:0,(anonymous_6)
FNDA:0,(anonymous_7)
FNDA:0,(anonymous_8)
FNDA:0,(anonymous_9)
FNDA:0,(anonymous_10)
FNDA:0,(anonymous_11)
FNDA:0,(anonymous_12)
FNDA:0,(anonymous_13)
FNDA:0,(anonymous_14)
FNDA:0,(anonymous_15)
FNDA:0,(anonymous_16)
FNDA:0,(anonymous_17)
FNDA:0,(anonymous_18)
FNDA:0,(anonymous_19)
FNDA:0,(anonymous_20)
DA:18,1
DA:20,0
DA:36,0
DA:37,0
DA:41,0
DA:42,0
DA:47,0
DA:48,0
DA:49,0
DA:50,0
DA:51,0
DA:53,0
DA:54,0
DA:57,0
DA:62,0
DA:63,0
DA:64,0
DA:65,0
DA:66,0
DA:68,0
DA:69,0
DA:72,0
DA:76,0
DA:78,0
DA:79,0
DA:80,0
DA:81,0
DA:98,0
DA:99,0
DA:100,0
DA:101,0
DA:104,0
DA:106,0
DA:110,0
DA:114,0
DA:120,0
DA:121,0
DA:122,0
DA:132,0
DA:133,0
DA:135,0
DA:142,0
DA:151,0
DA:152,0
DA:160,0
DA:171,0
DA:172,0
DA:173,0
DA:174,0
DA:175,0
DA:176,0
DA:177,0
DA:178,0
DA:180,0
DA:192,0
DA:194,0
DA:195,0
DA:196,0
DA:198,0
DA:200,0
DA:201,0
DA:205,0
DA:209,0
DA:213,0
DA:214,0
DA:218,0
DA:225,0
DA:226,0
DA:234,0
DA:246,1
DA:255,0
DA:257,0
DA:276,0
DA:297,0
DA:303,0
LF:75
LH:2
BRDA:98,0,0,0
BRDA:98,0,1,0
BRDA:99,1,0,0
BRDA:99,1,1,0
BRDA:100,2,0,0
BRDA:100,2,1,0
BRDA:101,3,0,0
BRDA:101,3,1,0
BRDA:137,4,0,0
BRDA:137,4,1,0
BRDA:151,5,0,0
BRDA:151,5,1,0
BRDA:152,6,0,0
BRDA:152,6,1,0
BRDA:171,7,0,0
BRDA:171,7,1,0
BRDA:173,8,0,0
BRDA:173,8,1,0
BRDA:175,9,0,0
BRDA:175,9,1,0
BRDA:177,10,0,0
BRDA:177,10,1,0
BRDA:189,11,0,0
BRDA:190,12,0,0
BRDA:198,13,0,0
BRDA:198,13,1,0
BRDA:200,14,0,0
BRDA:200,14,1,0
BRDA:205,15,0,0
BRDA:205,15,1,0
BRDA:206,16,0,0
BRDA:206,16,1,0
BRDA:218,17,0,0
BRDA:218,17,1,0
BRDA:225,18,0,0
BRDA:225,18,1,0
BRDA:237,19,0,0
BRDA:237,19,1,0
BRDA:238,20,0,0
BRDA:238,20,1,0
BRDA:255,21,0,0
BRDA:255,21,1,0
BRDA:255,21,2,0
BRDA:266,22,0,0
BRDA:266,22,1,0
BRDA:267,23,0,0
BRDA:267,23,1,0
BRDA:295,24,0,0
BRDA:313,25,0,0
BRDA:313,25,1,0
BRF:50
BRH:0
end_of_record
TN:
SF:src/adapters/GitHubAdapter.ts
FN:81,(anonymous_0)
FN:100,(anonymous_1)
FN:118,(anonymous_2)
FN:138,(anonymous_3)
FN:179,(anonymous_4)
FN:181,(anonymous_5)
FN:184,(anonymous_6)
FN:206,(anonymous_7)
FN:225,(anonymous_8)
FN:244,(anonymous_9)
FN:265,(anonymous_10)
FN:275,(anonymous_11)
FN:294,(anonymous_12)
FN:297,(anonymous_13)
FN:302,(anonymous_14)
FN:327,(anonymous_15)
FN:344,(anonymous_16)
FN:362,(anonymous_17)
FN:372,(anonymous_18)
FN:389,(anonymous_19)
FN:390,(anonymous_20)
FN:392,(anonymous_21)
FN:400,(anonymous_22)
FN:415,(anonymous_23)
FN:434,(anonymous_24)
FN:435,(anonymous_25)
FN:456,(anonymous_26)
FN:470,(anonymous_27)
FN:489,(anonymous_28)
FNF:29
FNH:0
FNDA:0,(anonymous_0)
FNDA:0,(anonymous_1)
FNDA:0,(anonymous_2)
FNDA:0,(anonymous_3)
FNDA:0,(anonymous_4)
FNDA:0,(anonymous_5)
FNDA:0,(anonymous_6)
FNDA:0,(anonymous_7)
FNDA:0,(anonymous_8)
FNDA:0,(anonymous_9)
FNDA:0,(anonymous_10)
FNDA:0,(anonymous_11)
FNDA:0,(anonymous_12)
FNDA:0,(anonymous_13)
FNDA:0,(anonymous_14)
FNDA:0,(anonymous_15)
FNDA:0,(anonymous_16)
FNDA:0,(anonymous_17)
FNDA:0,(anonymous_18)
FNDA:0,(anonymous_19)
FNDA:0,(anonymous_20)
FNDA:0,(anonymous_21)
FNDA:0,(anonymous_22)
FNDA:0,(anonymous_23)
FNDA:0,(anonymous_24)
FNDA:0,(anonymous_25)
FNDA:0,(anonymous_26)
FNDA:0,(anonymous_27)
FNDA:0,(anonymous_28)
DA:1,1
DA:76,1
DA:77,0
DA:82,0
DA:85,0
DA:86,0
DA:87,0
DA:88,0
DA:89,0
DA:91,0
DA:96,0
DA:97,0
DA:101,0
DA:102,0
DA:106,0
DA:107,0
DA:110,0
DA:112,0
DA:119,0
DA:121,0
DA:123,0
DA:130,0
DA:131,0
DA:134,0
DA:135,0
DA:139,0
DA:141,0
DA:143,0
DA:144,0
DA:146,0
DA:147,0
DA:149,0
DA:150,0
DA:152,0
DA:153,0
DA:155,0
DA:156,0
DA:161,0
DA:163,0
DA:170,0
DA:171,0
DA:174,0
DA:177,0
DA:179,0
DA:181,0
DA:185,0
DA:186,0
DA:189,0
DA:190,0
DA:191,0
DA:192,0
DA:196,0
DA:197,0
DA:198,0
DA:199,0
DA:203,0
DA:206,0
DA:211,0
DA:217,0
DA:218,0
DA:221,0
DA:222,0
DA:226,0
DA:228,0
DA:239,0
DA:241,0
DA:242,0
DA:243,0
DA:244,0
DA:245,0
DA:246,0
DA:248,0
DA:257,0
DA:258,0
DA:261,0
DA:262,0
DA:269,0
DA:276,0
DA:279,0
DA:280,0
DA:287,0
DA:288,0
DA:291,0
DA:292,0
DA:294,0
DA:299,0
DA:304,0
DA:305,0
DA:308,0
DA:309,0
DA:319,0
DA:320,0
DA:330,0
DA:331,0
DA:333,0
DA:334,0
DA:345,0
DA:364,0
DA:365,0
DA:366,0
DA:367,0
DA:369,0
DA:373,0
DA:381,0
DA:389,0
DA:390,0
DA:392,0
DA:406,0
DA:424,0
DA:435,0
DA:438,0
DA:439,0
DA:440,0
DA:441,0
DA:442,0
DA:443,0
DA:446,0
DA:449,0
DA:450,0
DA:453,0
DA:457,0
DA:467,0
DA:471,0
DA:478,0
DA:479,0
DA:480,0
DA:481,0
DA:486,0
DA:490,0
LF:129
LH:2
BRDA:85,0,0,0
BRDA:85,0,1,0
BRDA:85,1,0,0
BRDA:85,1,1,0
BRDA:88,2,0,0
BRDA:88,2,1,0
BRDA:106,3,0,0
BRDA:106,3,1,0
BRDA:113,4,0,0
BRDA:113,4,1,0
BRDA:130,5,0,0
BRDA:130,5,1,0
BRDA:143,6,0,0
BRDA:143,6,1,0
BRDA:146,7,0,0
BRDA:146,7,1,0
BRDA:149,8,0,0
BRDA:149,8,1,0
BRDA:149,9,0,0
BRDA:149,9,1,0
BRDA:152,10,0,0
BRDA:152,10,1,0
BRDA:155,11,0,0
BRDA:155,11,1,0
BRDA:161,12,0,0
BRDA:161,12,1,0
BRDA:170,13,0,0
BRDA:170,13,1,0
BRDA:177,14,0,0
BRDA:177,14,1,0
BRDA:189,15,0,0
BRDA:189,15,1,0
BRDA:191,16,0,0
BRDA:191,16,1,0
BRDA:191,17,0,0
BRDA:191,17,1,0
BRDA:196,18,0,0
BRDA:196,18,1,0
BRDA:196,19,0,0
BRDA:196,19,1,0
BRDA:198,20,0,0
BRDA:198,20,1,0
BRDA:206,21,0,0
BRDA:206,21,1,0
BRDA:208,22,0,0
BRDA:208,22,1,0
BRDA:217,23,0,0
BRDA:217,23,1,0
BRDA:241,24,0,0
BRDA:241,24,1,0
BRDA:242,25,0,0
BRDA:242,25,1,0
BRDA:243,26,0,0
BRDA:243,26,1,0
BRDA:244,27,0,0
BRDA:244,27,1,0
BRDA:245,28,0,0
BRDA:245,28,1,0
BRDA:246,29,0,0
BRDA:246,29,1,0
BRDA:257,30,0,0
BRDA:257,30,1,0
BRDA:287,31,0,0
BRDA:287,31,1,0
BRDA:292,32,0,0
BRDA:292,32,1,0
BRDA:319,33,0,0
BRDA:319,33,1,0
BRDA:365,34,0,0
BRDA:365,34,1,0
BRDA:367,35,0,0
BRDA:367,35,1,0
BRDA:386,36,0,0
BRDA:386,36,1,0
BRDA:391,37,0,0
BRDA:391,37,1,0
BRDA:395,38,0,0
BRDA:395,38,1,0
BRDA:409,39,0,0
BRDA:409,39,1,0
BRDA:428,40,0,0
BRDA:428,40,1,0
BRDA:438,41,0,0
BRDA:438,41,1,0
BRDA:439,42,0,0
BRDA:439,42,1,0
BRDA:440,43,0,0
BRDA:440,43,1,0
BRDA:441,44,0,0
BRDA:441,44,1,0
BRDA:442,45,0,0
BRDA:442,45,1,0
BRDA:443,46,0,0
BRDA:443,46,1,0
BRDA:446,47,0,0
BRDA:446,47,1,0
BRDA:449,48,0,0
BRDA:449,48,1,0
BRDA:449,49,0,0
BRDA:449,49,1,0
BRDA:449,49,2,0
BRDA:467,50,0,0
BRDA:467,50,1,0
BRDA:480,51,0,0
BRDA:480,51,1,0
BRF:105
BRH:0
end_of_record
TN:
SF:src/adapters/GitLabAdapter.ts
FN:92,(anonymous_0)
FN:107,(anonymous_1)
FN:125,(anonymous_2)
FN:137,(anonymous_3)
FN:160,(anonymous_4)
FN:180,(anonymous_5)
FN:200,(anonymous_6)
FN:238,(anonymous_7)
FN:241,(anonymous_8)
FN:267,(anonymous_9)
FN:270,(anonymous_10)
FN:281,(anonymous_11)
FN:290,(anonymous_12)
FN:315,(anonymous_13)
FN:345,(anonymous_14)
FN:357,(anonymous_15)
FN:377,(anonymous_16)
FN:402,(anonymous_17)
FN:440,(anonymous_18)
FN:452,(anonymous_19)
FN:470,(anonymous_20)
FN:485,(anonymous_21)
FN:505,(anonymous_22)
FN:522,(anonymous_23)
FN:525,(anonymous_24)
FN:542,(anonymous_25)
FN:545,(anonymous_26)
FN:551,(anonymous_27)
FN:570,(anonymous_28)
FN:583,(anonymous_29)
FN:605,(anonymous_30)
FN:617,(anonymous_31)
FN:643,(anonymous_32)
FN:658,(anonymous_33)
FN:677,(anonymous_34)
FN:691,(anonymous_35)
FN:704,(anonymous_36)
FNF:37
FNH:0
FNDA:0,(anonymous_0)
FNDA:0,(anonymous_1)
FNDA:0,(anonymous_2)
FNDA:0,(anonymous_3)
FNDA:0,(anonymous_4)
FNDA:0,(anonymous_5)
FNDA:0,(anonymous_6)
FNDA:0,(anonymous_7)
FNDA:0,(anonymous_8)
FNDA:0,(anonymous_9)
FNDA:0,(anonymous_10)
FNDA:0,(anonymous_11)
FNDA:0,(anonymous_12)
FNDA:0,(anonymous_13)
FNDA:0,(anonymous_14)
FNDA:0,(anonymous_15)
FNDA:0,(anonymous_16)
FNDA:0,(anonymous_17)
FNDA:0,(anonymous_18)
FNDA:0,(anonymous_19)
FNDA:0,(anonymous_20)
FNDA:0,(anonymous_21)
FNDA:0,(anonymous_22)
FNDA:0,(anonymous_23)
FNDA:0,(anonymous_24)
FNDA:0,(anonymous_25)
FNDA:0,(anonymous_26)
FNDA:0,(anonymous_27)
FNDA:0,(anonymous_28)
FNDA:0,(anonymous_29)
FNDA:0,(anonymous_30)
FNDA:0,(anonymous_31)
FNDA:0,(anonymous_32)
FNDA:0,(anonymous_33)
FNDA:0,(anonymous_34)
FNDA:0,(anonymous_35)
FNDA:0,(anonymous_36)
DA:1,1
DA:15,1
DA:87,1
DA:93,0
DA:94,0
DA:96,0
DA:97,0
DA:99,0
DA:100,0
DA:103,0
DA:104,0
DA:108,0
DA:109,0
DA:113,0
DA:114,0
DA:117,0
DA:119,0
DA:126,0
DA:128,0
DA:130,0
DA:131,0
DA:133,0
DA:138,0
DA:139,0
DA:142,0
DA:149,0
DA:150,0
DA:153,0
DA:154,0
DA:155,0
DA:157,0
DA:161,0
DA:162,0
DA:165,0
DA:169,0
DA:170,0
DA:173,0
DA:174,0
DA:175,0
DA:177,0
DA:181,0
DA:183,0
DA:186,0
DA:187,0
DA:188,0
DA:192,0
DA:193,0
DA:194,0
DA:197,0
DA:201,0
DA:203,0
DA:204,0
DA:206,0
DA:207,0
DA:209,0
DA:210,0
DA:212,0
DA:213,0
DA:215,0
DA:216,0
DA:218,0
DA:219,0
DA:222,0
DA:229,0
DA:230,0
DA:233,0
DA:234,0
DA:235,0
DA:237,0
DA:238,0
DA:242,0
DA:244,0
DA:245,0
DA:247,0
DA:248,0
DA:251,0
DA:258,0
DA:259,0
DA:262,0
DA:263,0
DA:264,0
DA:266,0
DA:267,0
DA:271,0
DA:272,0
DA:274,0
DA:275,0
DA:277,0
DA:282,0
DA:283,0
DA:286,0
DA:290,0
DA:298,0
DA:304,0
DA:305,0
DA:308,0
DA:309,0
DA:310,0
DA:312,0
DA:316,0
DA:317,0
DA:320,0
DA:328,0
DA:334,0
DA:335,0
DA:338,0
DA:339,0
DA:340,0
DA:342,0
DA:346,0
DA:348,0
DA:350,0
DA:351,0
DA:353,0
DA:358,0
DA:359,0
DA:372,0
DA:374,0
DA:375,0
DA:376,0
DA:377,0
DA:378,0
DA:379,0
DA:380,0
DA:382,0
DA:391,0
DA:392,0
DA:395,0
DA:396,0
DA:397,0
DA:399,0
DA:403,0
DA:404,0
DA:415,0
DA:417,0
DA:418,0
DA:419,0
DA:420,0
DA:421,0
DA:423,0
DA:429,0
DA:430,0
DA:433,0
DA:434,0
DA:435,0
DA:437,0
DA:441,0
DA:443,0
DA:445,0
DA:446,0
DA:448,0
DA:453,0
DA:454,0
DA:457,0
DA:465,0
DA:466,0
DA:471,0
DA:472,0
DA:475,0
DA:480,0
DA:481,0
DA:486,0
DA:488,0
DA:491,0
DA:492,0
DA:493,0
DA:497,0
DA:498,0
DA:499,0
DA:502,0
DA:506,0
DA:513,0
DA:514,0
DA:517,0
DA:518,0
DA:519,0
DA:521,0
DA:522,0
DA:526,0
DA:533,0
DA:534,0
DA:537,0
DA:538,0
DA:539,0
DA:541,0
DA:542,0
DA:548,0
DA:553,0
DA:572,0
DA:573,0
DA:574,0
DA:575,0
DA:576,0
DA:577,0
DA:578,0
DA:580,0
DA:584,0
DA:597,0
DA:605,0
DA:618,0
DA:624,0
DA:649,0
DA:666,0
DA:678,0
DA:688,0
DA:694,0
DA:701,0
DA:705,0
DA:716,0
DA:717,0
DA:718,0
DA:721,0
LF:212
LH:3
BRDA:94,0,0,0
BRDA:94,0,1,0
BRDA:96,1,0,0
BRDA:96,1,1,0
BRDA:99,2,0,0
BRDA:99,2,1,0
BRDA:113,3,0,0
BRDA:113,3,1,0
BRDA:120,4,0,0
BRDA:120,4,1,0
BRDA:130,5,0,0
BRDA:130,5,1,0
BRDA:138,6,0,0
BRDA:138,6,1,0
BRDA:149,7,0,0
BRDA:149,7,1,0
BRDA:154,8,0,0
BRDA:154,8,1,0
BRDA:161,9,0,0
BRDA:161,9,1,0
BRDA:169,10,0,0
BRDA:169,10,1,0
BRDA:174,11,0,0
BRDA:174,11,1,0
BRDA:186,12,0,0
BRDA:186,12,1,0
BRDA:192,13,0,0
BRDA:192,13,1,0
BRDA:192,14,0,0
BRDA:192,14,1,0
BRDA:203,15,0,0
BRDA:203,15,1,0
BRDA:204,16,0,0
BRDA:204,16,1,0
BRDA:206,17,0,0
BRDA:206,17,1,0
BRDA:209,18,0,0
BRDA:209,18,1,0
BRDA:209,19,0,0
BRDA:209,19,1,0
BRDA:212,20,0,0
BRDA:212,20,1,0
BRDA:215,21,0,0
BRDA:215,21,1,0
BRDA:218,22,0,0
BRDA:218,22,1,0
BRDA:229,23,0,0
BRDA:229,23,1,0
BRDA:234,24,0,0
BRDA:234,24,1,0
BRDA:244,25,0,0
BRDA:244,25,1,0
BRDA:245,26,0,0
BRDA:245,26,1,0
BRDA:247,27,0,0
BRDA:247,27,1,0
BRDA:247,28,0,0
BRDA:247,28,1,0
BRDA:258,29,0,0
BRDA:258,29,1,0
BRDA:263,30,0,0
BRDA:263,30,1,0
BRDA:274,31,0,0
BRDA:274,31,1,0
BRDA:282,32,0,0
BRDA:282,32,1,0
BRDA:290,33,0,0
BRDA:290,33,1,0
BRDA:291,34,0,0
BRDA:291,34,1,0
BRDA:292,35,0,0
BRDA:292,35,1,0
BRDA:294,36,0,0
BRDA:294,36,1,0
BRDA:304,37,0,0
BRDA:304,37,1,0
BRDA:309,38,0,0
BRDA:309,38,1,0
BRDA:316,39,0,0
BRDA:316,39,1,0
BRDA:323,40,0,0
BRDA:323,40,1,0
BRDA:334,41,0,0
BRDA:334,41,1,0
BRDA:339,42,0,0
BRDA:339,42,1,0
BRDA:350,43,0,0
BRDA:350,43,1,0
BRDA:358,44,0,0
BRDA:358,44,1,0
BRDA:374,45,0,0
BRDA:374,45,1,0
BRDA:375,46,0,0
BRDA:375,46,1,0
BRDA:376,47,0,0
BRDA:376,47,1,0
BRDA:376,48,0,0
BRDA:376,48,1,0
BRDA:377,49,0,0
BRDA:377,49,1,0
BRDA:378,50,0,0
BRDA:378,50,1,0
BRDA:379,51,0,0
BRDA:379,51,1,0
BRDA:380,52,0,0
BRDA:380,52,1,0
BRDA:391,53,0,0
BRDA:391,53,1,0
BRDA:396,54,0,0
BRDA:396,54,1,0
BRDA:403,55,0,0
BRDA:403,55,1,0
BRDA:417,56,0,0
BRDA:417,56,1,0
BRDA:418,57,0,0
BRDA:418,57,1,0
BRDA:419,58,0,0
BRDA:419,58,1,0
BRDA:419,59,0,0
BRDA:419,59,1,0
BRDA:420,60,0,0
BRDA:420,60,1,0
BRDA:421,61,0,0
BRDA:421,61,1,0
BRDA:429,62,0,0
BRDA:429,62,1,0
BRDA:434,63,0,0
BRDA:434,63,1,0
BRDA:445,64,0,0
BRDA:445,64,1,0
BRDA:453,65,0,0
BRDA:453,65,1,0
BRDA:465,66,0,0
BRDA:465,66,1,0
BRDA:471,67,0,0
BRDA:471,67,1,0
BRDA:480,68,0,0
BRDA:480,68,1,0
BRDA:491,69,0,0
BRDA:491,69,1,0
BRDA:497,70,0,0
BRDA:497,70,1,0
BRDA:513,71,0,0
BRDA:513,71,1,0
BRDA:518,72,0,0
BRDA:518,72,1,0
BRDA:533,73,0,0
BRDA:533,73,1,0
BRDA:538,74,0,0
BRDA:538,74,1,0
BRDA:573,75,0,0
BRDA:573,75,1,0
BRDA:573,76,0,0
BRDA:573,76,1,0
BRDA:577,77,0,0
BRDA:577,77,1,0
BRDA:602,78,0,0
BRDA:602,78,1,0
BRDA:603,79,0,0
BRDA:603,79,1,0
BRDA:607,80,0,0
BRDA:607,80,1,0
BRDA:611,81,0,0
BRDA:611,81,1,0
BRDA:612,82,0,0
BRDA:612,82,1,0
BRDA:629,83,0,0
BRDA:629,83,1,0
BRDA:630,84,0,0
BRDA:630,84,1,0
BRDA:637,85,0,0
BRDA:637,85,1,0
BRDA:638,86,0,0
BRDA:638,86,1,0
BRDA:670,87,0,0
BRDA:670,87,1,0
BRDA:671,88,0,0
BRDA:671,88,1,0
BRDA:672,89,0,0
BRDA:672,89,1,0
BRDA:701,90,0,0
BRDA:701,90,1,0
BRDA:718,91,0,0
BRDA:718,91,1,0
BRF:184
BRH:0
end_of_record
TN:
SF:src/adapters/MigrationPipeline.ts
FN:29,(anonymous_0)
FN:38,(anonymous_1)
FN:54,(anonymous_2)
FN:89,(anonymous_3)
FN:105,(anonymous_4)
FN:124,(anonymous_5)
FN:137,(anonymous_6)
FN:159,(anonymous_7)
FN:181,(anonymous_8)
FN:209,(anonymous_9)
FN:209,(anonymous_10)
FN:278,(anonymous_11)
FN:312,(anonymous_12)
FN:320,(anonymous_13)
FN:347,(anonymous_14)
FN:367,(anonymous_15)
FN:428,(anonymous_16)
FN:480,(anonymous_17)
FN:491,(anonymous_18)
FN:513,(anonymous_19)
FN:552,(anonymous_20)
FN:557,(anonymous_21)
FN:608,(anonymous_22)
FNF:23
FNH:21
FNDA:3,(anonymous_0)
FNDA:1,(anonymous_1)
FNDA:5,(anonymous_2)
FNDA:4,(anonymous_3)
FNDA:1,(anonymous_4)
FNDA:1,(anonymous_5)
FNDA:4,(anonymous_6)
FNDA:3,(anonymous_7)
FNDA:5,(anonymous_8)
FNDA:0,(anonymous_9)
FNDA:0,(anonymous_10)
FNDA:4,(anonymous_11)
FNDA:3,(anonymous_12)
FNDA:4,(anonymous_13)
FNDA:4,(anonymous_14)
FNDA:4,(anonymous_15)
FNDA:4,(anonymous_16)
FNDA:3,(anonymous_17)
FNDA:4,(anonymous_18)
FNDA:3,(anonymous_19)
FNDA:7,(anonymous_20)
FNDA:5,(anonymous_21)
FNDA:8,(anonymous_22)
DA:19,2
DA:25,2
DA:30,3
DA:32,3
DA:34,3
DA:35,2
DA:38,2
DA:39,2
DA:41,2
DA:42,2
DA:44,1
DA:45,1
DA:59,5
DA:61,5
DA:69,5
DA:70,5
DA:71,5
DA:72,4
DA:74,1
DA:75,1
DA:76,1
DA:80,5
DA:83,5
DA:94,4
DA:96,4
DA:102,4
DA:103,1
DA:105,1
DA:106,1
DA:108,1
DA:109,1
DA:112,3
DA:114,3
DA:115,4
DA:116,4
DA:120,4
DA:123,3
DA:124,1
DA:128,2
DA:131,2
DA:142,4
DA:143,4
DA:145,4
DA:153,4
DA:154,4
DA:155,4
DA:156,0
DA:159,4
DA:160,4
DA:161,1
DA:166,1
DA:170,3
DA:173,4
DA:176,4
DA:188,5
DA:189,1
DA:192,4
DA:200,4
DA:201,3
DA:206,1
DA:207,1
DA:209,0
DA:216,4
DA:219,4
DA:226,4
DA:229,4
DA:230,0
DA:231,0
DA:237,4
DA:245,4
DA:246,4
DA:247,1
DA:251,4
DA:259,4
DA:271,4
DA:272,4
DA:275,4
DA:284,4
DA:285,5
DA:286,5
DA:296,3
DA:297,3
DA:299,2
DA:300,2
DA:305,2
DA:306,1
DA:313,3
DA:314,3
DA:315,4
DA:317,3
DA:325,4
DA:326,4
DA:328,4
DA:329,0
DA:331,0
DA:332,0
DA:336,0
DA:338,0
DA:340,0
DA:344,4
DA:352,4
DA:354,4
DA:355,5
DA:356,5
DA:357,1
DA:358,1
DA:360,4
DA:364,4
DA:373,4
DA:374,4
DA:377,4
DA:382,3
DA:383,3
DA:384,3
DA:385,3
DA:388,3
DA:389,1
DA:390,1
DA:391,1
DA:395,4
DA:400,0
DA:401,0
DA:402,0
DA:403,0
DA:406,0
DA:407,0
DA:408,0
DA:409,0
DA:414,4
DA:415,3
DA:420,3
DA:421,3
DA:425,4
DA:435,4
DA:438,4
DA:439,3
DA:440,3
DA:441,1
DA:443,3
DA:444,2
DA:448,4
DA:449,0
DA:450,0
DA:451,0
DA:453,0
DA:454,0
DA:458,4
DA:459,3
DA:461,3
DA:464,1
DA:466,2
DA:470,2
DA:473,0
DA:476,3
DA:483,3
DA:484,3
DA:485,3
DA:486,3
DA:487,3
DA:488,0
DA:492,4
DA:510,4
DA:519,3
DA:520,1
DA:528,3
DA:529,1
DA:537,3
DA:538,3
DA:539,1
DA:551,2
DA:552,7
DA:571,5
DA:574,5
DA:577,5
DA:583,5
DA:584,1
DA:588,4
DA:593,4
DA:594,2
DA:595,2
DA:596,1
DA:598,1
DA:604,4
DA:605,4
DA:609,8
DA:610,8
DA:611,7
DA:612,2
DA:613,1
LF:189
LH:164
BRDA:46,0,0,1
BRDA:46,0,1,0
BRDA:74,1,0,1
BRDA:74,1,1,0
BRDA:102,2,0,1
BRDA:102,2,1,3
BRDA:123,3,0,1
BRDA:123,3,1,2
BRDA:154,4,0,4
BRDA:154,4,1,0
BRDA:155,5,0,0
BRDA:155,5,1,4
BRDA:160,6,0,1
BRDA:160,6,1,3
BRDA:188,7,0,1
BRDA:188,7,1,4
BRDA:194,8,0,3
BRDA:194,8,1,1
BRDA:200,9,0,3
BRDA:200,9,1,1
BRDA:206,10,0,1
BRDA:206,10,1,0
BRDA:229,11,0,0
BRDA:229,11,1,4
BRDA:246,12,0,1
BRDA:246,12,1,3
BRDA:271,13,0,4
BRDA:271,13,1,0
BRDA:299,14,0,2
BRDA:299,14,1,0
BRDA:305,15,0,1
BRDA:305,15,1,1
BRDA:329,16,0,0
BRDA:329,16,1,0
BRDA:329,17,0,0
BRDA:329,17,1,0
BRDA:331,18,0,0
BRDA:331,18,1,0
BRDA:356,19,0,1
BRDA:356,19,1,4
BRDA:377,20,0,3
BRDA:377,20,1,1
BRDA:378,21,0,4
BRDA:378,21,1,3
BRDA:378,21,2,3
BRDA:382,22,0,3
BRDA:382,22,1,0
BRDA:382,23,0,3
BRDA:382,23,1,3
BRDA:383,24,0,3
BRDA:383,24,1,1
BRDA:388,25,0,1
BRDA:388,25,1,2
BRDA:388,26,0,3
BRDA:388,26,1,1
BRDA:389,27,0,1
BRDA:389,27,1,1
BRDA:395,28,0,0
BRDA:395,28,1,4
BRDA:396,29,0,4
BRDA:396,29,1,0
BRDA:396,29,2,0
BRDA:400,30,0,0
BRDA:400,30,1,0
BRDA:400,31,0,0
BRDA:400,31,1,0
BRDA:401,32,0,0
BRDA:401,32,1,0
BRDA:406,33,0,0
BRDA:406,33,1,0
BRDA:406,34,0,0
BRDA:406,34,1,0
BRDA:407,35,0,0
BRDA:407,35,1,0
BRDA:415,36,0,3
BRDA:415,36,1,0
BRDA:416,37,0,3
BRDA:416,37,1,3
BRDA:416,37,2,3
BRDA:438,38,0,3
BRDA:438,38,1,1
BRDA:438,39,0,4
BRDA:438,39,1,3
BRDA:440,40,0,1
BRDA:440,40,1,2
BRDA:440,41,0,3
BRDA:440,41,1,2
BRDA:443,42,0,2
BRDA:443,42,1,1
BRDA:443,43,0,3
BRDA:443,43,1,3
BRDA:443,43,2,3
BRDA:448,44,0,0
BRDA:448,44,1,4
BRDA:448,45,0,4
BRDA:448,45,1,0
BRDA:450,46,0,0
BRDA:450,46,1,0
BRDA:450,47,0,0
BRDA:450,47,1,0
BRDA:453,48,0,0
BRDA:453,48,1,0
BRDA:453,49,0,0
BRDA:453,49,1,0
BRDA:458,50,0,3
BRDA:458,50,1,1
BRDA:461,51,0,1
BRDA:461,51,1,2
BRDA:461,51,2,0
BRDA:483,52,0,0
BRDA:483,52,1,3
BRDA:484,53,0,0
BRDA:484,53,1,3
BRDA:485,54,0,0
BRDA:485,54,1,3
BRDA:486,55,0,0
BRDA:486,55,1,3
BRDA:487,56,0,3
BRDA:487,56,1,0
BRDA:510,57,0,4
BRDA:510,57,1,0
BRDA:519,58,0,1
BRDA:519,58,1,2
BRDA:528,59,0,1
BRDA:528,59,1,2
BRDA:538,60,0,1
BRDA:538,60,1,2
BRDA:552,61,0,0
BRDA:583,62,0,1
BRDA:583,62,1,4
BRDA:593,63,0,2
BRDA:593,63,1,2
BRDA:593,64,0,4
BRDA:593,64,1,3
BRDA:599,65,0,1
BRDA:599,65,1,0
BRDA:610,66,0,1
BRDA:610,66,1,7
BRDA:611,67,0,5
BRDA:611,67,1,2
BRDA:612,68,0,1
BRDA:612,68,1,1
BRF:142
BRH:92
end_of_record
TN:
SF:src/adapters/TypeMapper.ts
FN:41,(anonymous_0)
FN:78,(anonymous_1)
FN:79,(anonymous_2)
FN:92,(anonymous_3)
FN:164,(anonymous_4)
FN:184,(anonymous_5)
FN:225,(anonymous_6)
FN:256,(anonymous_7)
FN:271,(anonymous_8)
FN:278,(anonymous_9)
FN:285,(anonymous_10)
FN:316,createUnifiedLabels
FN:317,(anonymous_12)
FN:320,(anonymous_13)
FNF:14
FNH:13
FNDA:0,(anonymous_0)
FNDA:9,(anonymous_1)
FNDA:10,(anonymous_2)
FNDA:7,(anonymous_3)
FNDA:22,(anonymous_4)
FNDA:11,(anonymous_5)
FNDA:9,(anonymous_6)
FNDA:6,(anonymous_7)
FNDA:8,(anonymous_8)
FNDA:7,(anonymous_9)
FNDA:15,(anonymous_10)
FNDA:12,createUnifiedLabels
FNDA:17,(anonymous_12)
FNDA:10,(anonymous_13)
DA:40,3
DA:48,3
DA:79,10
DA:81,9
DA:82,8
DA:83,6
DA:84,5
DA:87,2
DA:89,2
DA:97,7
DA:99,1
DA:101,2
DA:103,1
DA:105,1
DA:113,2
DA:124,3
DA:138,3
DA:152,3
DA:165,22
DA:166,22
DA:167,22
DA:169,22
DA:170,11
DA:171,11
DA:172,9
DA:176,2
DA:177,2
DA:190,11
DA:193,11
DA:194,2
DA:195,2
DA:199,9
DA:200,2
DA:201,2
DA:202,1
DA:203,1
DA:205,1
DA:209,7
DA:210,2
DA:211,2
DA:212,1
DA:213,1
DA:215,1
DA:219,5
DA:220,5
DA:222,5
DA:231,9
DA:232,9
DA:234,9
DA:237,9
DA:238,2
DA:239,2
DA:242,7
DA:243,7
DA:246,7
DA:247,1
DA:250,7
DA:257,6
DA:258,6
DA:261,6
DA:262,5
DA:265,6
DA:272,8
DA:279,7
DA:286,15
DA:308,15
DA:309,15
DA:316,3
DA:317,17
DA:319,12
DA:320,10
LF:71
LH:71
BRDA:78,0,0,6
BRDA:81,1,0,1
BRDA:81,1,1,8
BRDA:82,2,0,2
BRDA:82,2,1,6
BRDA:83,3,0,1
BRDA:83,3,1,5
BRDA:84,4,0,3
BRDA:84,4,1,2
BRDA:87,5,0,0
BRDA:87,5,1,2
BRDA:87,6,0,2
BRDA:87,6,1,0
BRDA:95,7,0,6
BRDA:97,8,0,1
BRDA:97,8,1,2
BRDA:97,8,2,1
BRDA:97,8,3,1
BRDA:97,8,4,2
BRDA:101,9,0,1
BRDA:101,9,1,1
BRDA:105,10,0,0
BRDA:105,10,1,1
BRDA:107,11,0,0
BRDA:107,11,1,1
BRDA:109,12,0,0
BRDA:109,12,1,1
BRDA:113,13,0,0
BRDA:113,13,1,2
BRDA:115,14,0,1
BRDA:115,14,1,1
BRDA:165,15,0,3
BRDA:169,16,0,11
BRDA:169,16,1,11
BRDA:169,17,0,22
BRDA:169,17,1,12
BRDA:171,18,0,9
BRDA:171,18,1,2
BRDA:171,19,0,11
BRDA:171,19,1,9
BRDA:190,20,0,11
BRDA:190,20,1,0
BRDA:193,21,0,2
BRDA:193,21,1,9
BRDA:193,22,0,11
BRDA:193,22,1,10
BRDA:199,23,0,2
BRDA:199,23,1,7
BRDA:201,24,0,1
BRDA:201,24,1,1
BRDA:209,25,0,2
BRDA:209,25,1,5
BRDA:211,26,0,1
BRDA:211,26,1,1
BRDA:219,27,0,5
BRDA:219,27,1,0
BRDA:237,28,0,2
BRDA:237,28,1,7
BRDA:237,29,0,9
BRDA:237,29,1,3
BRDA:237,30,0,3
BRDA:237,30,1,0
BRDA:246,31,0,1
BRDA:246,31,1,6
BRDA:246,32,0,7
BRDA:246,32,1,1
BRDA:257,33,0,6
BRDA:257,33,1,1
BRDA:261,34,0,5
BRDA:261,34,1,1
BRDA:272,35,0,8
BRDA:272,35,1,1
BRDA:279,36,0,7
BRDA:279,36,1,1
BRDA:309,37,0,15
BRDA:309,37,1,2
BRF:76
BRH:67
end_of_record
TN:
SF:src/providers/ProviderManager.ts
FN:18,(anonymous_0)
FN:102,(anonymous_1)
FN:120,(anonymous_2)
FN:121,(anonymous_3)
FN:137,(anonymous_4)
FN:158,(anonymous_5)
FN:164,(anonymous_6)
FN:220,(anonymous_7)
FN:241,(anonymous_8)
FN:269,(anonymous_9)
FN:297,(anonymous_10)
FN:307,(anonymous_11)
FN:317,(anonymous_12)
FN:327,(anonymous_13)
FN:367,(anonymous_14)
FN:405,(anonymous_15)
FN:433,(anonymous_16)
FN:462,(anonymous_17)
FN:463,(anonymous_18)
FN:468,(anonymous_19)
FN:475,(anonymous_20)
FN:492,(anonymous_21)
FN:503,(anonymous_22)
FN:507,(anonymous_23)
FN:514,(anonymous_24)
FN:531,(anonymous_25)
FN:557,(anonymous_26)
FN:558,(anonymous_27)
FN:585,(anonymous_28)
FN:623,(anonymous_29)
FN:637,(anonymous_30)
FN:646,(anonymous_31)
FN:662,(anonymous_32)
FN:671,(anonymous_33)
FN:694,(anonymous_34)
FN:697,(anonymous_35)
FN:713,(anonymous_36)
FN:754,(anonymous_37)
FN:787,(anonymous_38)
FN:809,(anonymous_39)
FN:814,(anonymous_40)
FN:817,(anonymous_41)
FN:824,(anonymous_42)
FN:825,(anonymous_43)
FN:826,(anonymous_44)
FN:835,(anonymous_45)
FNF:46
FNH:2
FNDA:0,(anonymous_0)
FNDA:0,(anonymous_1)
FNDA:0,(anonymous_2)
FNDA:0,(anonymous_3)
FNDA:0,(anonymous_4)
FNDA:0,(anonymous_5)
FNDA:0,(anonymous_6)
FNDA:0,(anonymous_7)
FNDA:0,(anonymous_8)
FNDA:0,(anonymous_9)
FNDA:0,(anonymous_10)
FNDA:0,(anonymous_11)
FNDA:0,(anonymous_12)
FNDA:0,(anonymous_13)
FNDA:0,(anonymous_14)
FNDA:0,(anonymous_15)
FNDA:0,(anonymous_16)
FNDA:0,(anonymous_17)
FNDA:0,(anonymous_18)
FNDA:0,(anonymous_19)
FNDA:0,(anonymous_20)
FNDA:0,(anonymous_21)
FNDA:1,(anonymous_22)
FNDA:2,(anonymous_23)
FNDA:0,(anonymous_24)
FNDA:0,(anonymous_25)
FNDA:0,(anonymous_26)
FNDA:0,(anonymous_27)
FNDA:0,(anonymous_28)
FNDA:0,(anonymous_29)
FNDA:0,(anonymous_30)
FNDA:0,(anonymous_31)
FNDA:0,(anonymous_32)
FNDA:0,(anonymous_33)
FNDA:0,(anonymous_34)
FNDA:0,(anonymous_35)
FNDA:0,(anonymous_36)
FNDA:0,(anonymous_37)
FNDA:0,(anonymous_38)
FNDA:0,(anonymous_39)
FNDA:0,(anonymous_40)
FNDA:0,(anonymous_41)
FNDA:0,(anonymous_42)
FNDA:0,(anonymous_43)
FNDA:0,(anonymous_44)
FNDA:0,(anonymous_45)
DA:1,1
DA:2,1
DA:3,1
DA:6,1
DA:7,1
DA:8,1
DA:10,1
DA:11,11
DA:13,11
DA:16,1
DA:20,0
DA:21,0
DA:22,0
DA:34,0
DA:35,0
DA:36,0
DA:39,0
DA:52,0
DA:53,0
DA:54,0
DA:55,0
DA:56,0
DA:57,0
DA:58,0
DA:61,0
DA:62,0
DA:63,0
DA:64,0
DA:67,0
DA:68,0
DA:69,0
DA:70,0
DA:71,0
DA:73,0
DA:75,0
DA:76,0
DA:77,0
DA:78,0
DA:79,0
DA:81,0
DA:83,0
DA:84,0
DA:86,0
DA:89,0
DA:90,0
DA:94,0
DA:99,0
DA:103,0
DA:113,0
DA:114,0
DA:115,0
DA:117,0
DA:118,0
DA:120,0
DA:121,0
DA:124,0
DA:126,0
DA:132,0
DA:134,0
DA:138,0
DA:148,0
DA:149,0
DA:151,0
DA:153,0
DA:155,0
DA:161,0
DA:165,0
DA:167,0
DA:168,0
DA:171,0
DA:172,0
DA:173,0
DA:174,0
DA:175,0
DA:182,0
DA:187,0
DA:188,0
DA:189,0
DA:190,0
DA:191,0
DA:198,0
DA:203,0
DA:204,0
DA:205,0
DA:206,0
DA:207,0
DA:214,0
DA:221,0
DA:222,0
DA:223,0
DA:226,0
DA:229,0
DA:231,0
DA:232,0
DA:235,0
DA:236,0
DA:237,0
DA:238,0
DA:239,0
DA:241,0
DA:243,0
DA:246,0
DA:249,0
DA:250,0
DA:251,0
DA:252,0
DA:253,0
DA:255,0
DA:256,0
DA:257,0
DA:258,0
DA:260,0
DA:262,0
DA:265,0
DA:270,0
DA:271,0
DA:272,0
DA:276,0
DA:277,0
DA:278,0
DA:279,0
DA:282,0
DA:283,0
DA:284,0
DA:286,0
DA:292,0
DA:293,0
DA:294,0
DA:298,0
DA:299,0
DA:300,0
DA:301,0
DA:304,0
DA:308,0
DA:309,0
DA:310,0
DA:311,0
DA:314,0
DA:318,0
DA:319,0
DA:320,0
DA:321,0
DA:324,0
DA:328,0
DA:329,0
DA:331,0
DA:332,0
DA:333,0
DA:337,0
DA:338,0
DA:344,0
DA:345,0
DA:348,0
DA:349,0
DA:352,0
DA:353,0
DA:358,0
DA:360,0
DA:363,0
DA:368,0
DA:369,0
DA:371,0
DA:372,0
DA:373,0
DA:377,0
DA:378,0
DA:383,0
DA:384,0
DA:387,0
DA:388,0
DA:391,0
DA:392,0
DA:396,0
DA:398,0
DA:401,0
DA:406,0
DA:407,0
DA:409,0
DA:410,0
DA:411,0
DA:415,0
DA:416,0
DA:422,0
DA:423,0
DA:426,0
DA:427,0
DA:430,0
DA:431,0
DA:433,0
DA:448,0
DA:453,0
DA:455,0
DA:458,0
DA:463,0
DA:464,0
DA:469,0
DA:470,0
DA:471,0
DA:476,0
DA:477,0
DA:478,0
DA:479,0
DA:482,0
DA:484,0
DA:493,0
DA:494,0
DA:496,0
DA:497,0
DA:500,0
DA:504,1
DA:508,2
DA:515,0
DA:517,0
DA:519,0
DA:521,0
DA:524,0
DA:532,0
DA:533,0
DA:534,0
DA:536,0
DA:537,0
DA:540,0
DA:544,0
DA:545,0
DA:546,0
DA:550,0
DA:551,0
DA:553,0
DA:557,0
DA:558,0
DA:559,0
DA:561,0
DA:562,0
DA:565,0
DA:566,0
DA:567,0
DA:570,0
DA:572,0
DA:579,0
DA:586,0
DA:587,0
DA:588,0
DA:591,0
DA:599,0
DA:600,0
DA:601,0
DA:602,0
DA:603,0
DA:605,0
DA:606,0
DA:609,0
DA:611,0
DA:612,0
DA:614,0
DA:615,0
DA:624,0
DA:625,0
DA:630,0
DA:632,0
DA:636,0
DA:637,0
DA:638,0
DA:639,0
DA:640,0
DA:645,0
DA:646,0
DA:647,0
DA:650,0
DA:655,0
DA:671,0
DA:672,0
DA:673,0
DA:683,0
DA:684,0
DA:687,0
DA:689,0
DA:694,0
DA:696,0
DA:697,0
DA:698,0
DA:699,0
DA:700,0
DA:706,0
DA:714,0
DA:715,0
DA:718,0
DA:722,0
DA:723,0
DA:725,0
DA:727,0
DA:728,0
DA:731,0
DA:734,0
DA:736,0
DA:737,0
DA:742,0
DA:744,0
DA:745,0
DA:749,0
DA:751,0
DA:752,0
DA:754,0
DA:769,0
DA:774,0
DA:777,0
DA:779,0
DA:788,0
DA:789,0
DA:790,0
DA:793,0
DA:794,0
DA:796,0
DA:797,0
DA:798,0
DA:800,0
DA:801,0
DA:802,0
DA:810,0
DA:812,0
DA:813,0
DA:814,0
DA:817,0
DA:818,0
DA:820,0
DA:822,0
DA:823,0
DA:824,0
DA:825,0
DA:826,0
DA:828,0
DA:836,0
DA:837,0
DA:838,0
LF:333
LH:12
BRDA:21,0,0,0
BRDA:21,0,1,0
BRDA:53,1,0,0
BRDA:53,1,1,0
BRDA:53,2,0,0
BRDA:53,2,1,0
BRDA:55,3,0,0
BRDA:55,3,1,0
BRDA:55,4,0,0
BRDA:55,4,1,0
BRDA:57,5,0,0
BRDA:57,5,1,0
BRDA:57,6,0,0
BRDA:57,6,1,0
BRDA:61,7,0,0
BRDA:61,7,1,0
BRDA:75,8,0,0
BRDA:75,8,1,0
BRDA:83,9,0,0
BRDA:83,9,1,0
BRDA:89,10,0,0
BRDA:89,10,1,0
BRDA:114,11,0,0
BRDA:114,11,1,0
BRDA:117,12,0,0
BRDA:117,12,1,0
BRDA:120,13,0,0
BRDA:120,13,1,0
BRDA:148,14,0,0
BRDA:148,14,1,0
BRDA:167,15,0,0
BRDA:167,15,1,0
BRDA:178,16,0,0
BRDA:178,16,1,0
BRDA:183,17,0,0
BRDA:183,17,1,0
BRDA:199,18,0,0
BRDA:199,18,1,0
BRDA:210,19,0,0
BRDA:210,19,1,0
BRDA:215,20,0,0
BRDA:215,20,1,0
BRDA:222,21,0,0
BRDA:222,21,1,0
BRDA:250,22,0,0
BRDA:250,22,1,0
BRDA:255,23,0,0
BRDA:255,23,1,0
BRDA:257,24,0,0
BRDA:257,24,1,0
BRDA:260,25,0,0
BRDA:260,25,1,0
BRDA:271,26,0,0
BRDA:271,26,1,0
BRDA:277,27,0,0
BRDA:277,27,1,0
BRDA:282,28,0,0
BRDA:282,28,1,0
BRDA:287,29,0,0
BRDA:287,29,1,0
BRDA:300,30,0,0
BRDA:300,30,1,0
BRDA:310,31,0,0
BRDA:310,31,1,0
BRDA:320,32,0,0
BRDA:320,32,1,0
BRDA:332,33,0,0
BRDA:332,33,1,0
BRDA:337,34,0,0
BRDA:337,34,1,0
BRDA:337,35,0,0
BRDA:337,35,1,0
BRDA:344,36,0,0
BRDA:344,36,1,0
BRDA:348,37,0,0
BRDA:348,37,1,0
BRDA:361,38,0,0
BRDA:361,38,1,0
BRDA:372,39,0,0
BRDA:372,39,1,0
BRDA:377,40,0,0
BRDA:377,40,1,0
BRDA:377,41,0,0
BRDA:377,41,1,0
BRDA:383,42,0,0
BRDA:383,42,1,0
BRDA:387,43,0,0
BRDA:387,43,1,0
BRDA:399,44,0,0
BRDA:399,44,1,0
BRDA:410,45,0,0
BRDA:410,45,1,0
BRDA:415,46,0,0
BRDA:415,46,1,0
BRDA:415,47,0,0
BRDA:415,47,1,0
BRDA:422,48,0,0
BRDA:422,48,1,0
BRDA:426,49,0,0
BRDA:426,49,1,0
BRDA:431,50,0,0
BRDA:431,50,1,0
BRDA:435,51,0,0
BRDA:435,51,1,0
BRDA:437,52,0,0
BRDA:437,52,1,0
BRDA:437,53,0,0
BRDA:437,53,1,0
BRDA:439,54,0,0
BRDA:439,54,1,0
BRDA:441,55,0,0
BRDA:441,55,1,0
BRDA:441,56,0,0
BRDA:441,56,1,0
BRDA:456,57,0,0
BRDA:456,57,1,0
BRDA:462,58,0,0
BRDA:469,59,0,0
BRDA:469,59,1,0
BRDA:477,60,0,0
BRDA:477,60,1,0
BRDA:485,61,0,0
BRDA:485,61,1,0
BRDA:515,62,0,0
BRDA:515,62,1,0
BRDA:515,62,2,0
BRDA:515,62,3,0
BRDA:521,63,0,0
BRDA:521,63,1,0
BRDA:533,64,0,0
BRDA:533,64,1,0
BRDA:536,65,0,0
BRDA:536,65,1,0
BRDA:545,66,0,0
BRDA:545,66,1,0
BRDA:565,67,0,0
BRDA:565,67,1,0
BRDA:573,68,0,0
BRDA:573,68,1,0
BRDA:587,69,0,0
BRDA:587,69,1,0
BRDA:591,70,0,0
BRDA:591,70,1,0
BRDA:599,71,0,0
BRDA:599,71,1,0
BRDA:605,72,0,0
BRDA:605,72,1,0
BRDA:612,73,0,0
BRDA:612,73,1,0
BRDA:614,74,0,0
BRDA:614,74,1,0
BRDA:624,75,0,0
BRDA:624,75,1,0
BRDA:636,76,0,0
BRDA:636,76,1,0
BRDA:636,77,0,0
BRDA:636,77,1,0
BRDA:638,78,0,0
BRDA:638,78,1,0
BRDA:645,79,0,0
BRDA:645,79,1,0
BRDA:645,80,0,0
BRDA:645,80,1,0
BRDA:648,81,0,0
BRDA:648,81,1,0
BRDA:650,82,0,0
BRDA:650,82,1,0
BRDA:683,83,0,0
BRDA:683,83,1,0
BRDA:690,84,0,0
BRDA:690,84,1,0
BRDA:690,84,2,0
BRDA:696,85,0,0
BRDA:696,85,1,0
BRDA:698,86,0,0
BRDA:698,86,1,0
BRDA:714,87,0,0
BRDA:714,87,1,0
BRDA:714,88,0,0
BRDA:714,88,1,0
BRDA:727,89,0,0
BRDA:727,89,1,0
BRDA:734,90,0,0
BRDA:734,90,1,0
BRDA:734,90,2,0
BRDA:736,91,0,0
BRDA:736,91,1,0
BRDA:736,92,0,0
BRDA:736,92,1,0
BRDA:739,93,0,0
BRDA:739,93,1,0
BRDA:744,94,0,0
BRDA:744,94,1,0
BRDA:744,95,0,0
BRDA:744,95,1,0
BRDA:751,96,0,0
BRDA:751,96,1,0
BRDA:751,97,0,0
BRDA:751,97,1,0
BRDA:752,98,0,0
BRDA:752,98,1,0
BRDA:756,99,0,0
BRDA:756,99,1,0
BRDA:758,100,0,0
BRDA:758,100,1,0
BRDA:758,101,0,0
BRDA:758,101,1,0
BRDA:760,102,0,0
BRDA:760,102,1,0
BRDA:762,103,0,0
BRDA:762,103,1,0
BRDA:762,104,0,0
BRDA:762,104,1,0
BRDA:779,105,0,0
BRDA:779,105,1,0
BRDA:789,106,0,0
BRDA:789,106,1,0
BRDA:794,107,0,0
BRDA:794,107,1,0
BRDA:796,108,0,0
BRDA:796,108,1,0
BRDA:822,109,0,0
BRDA:822,109,1,0
BRF:223
BRH:0
end_of_record
TN:
SF:src/server/NexusProxyServer.ts
FN:30,(anonymous_0)
FN:59,(anonymous_1)
FN:60,(anonymous_2)
FN:70,(anonymous_3)
FN:82,(anonymous_4)
FN:87,(anonymous_5)
FN:93,(anonymous_6)
FN:98,(anonymous_7)
FN:105,(anonymous_8)
FN:106,(anonymous_9)
FN:110,(anonymous_10)
FN:116,(anonymous_11)
FN:122,(anonymous_12)
FN:132,(anonymous_13)
FN:140,(anonymous_14)
FN:172,(anonymous_15)
FN:186,(anonymous_16)
FN:269,(anonymous_17)
FN:335,(anonymous_18)
FN:336,(anonymous_19)
FN:355,(anonymous_20)
FN:406,(anonymous_21)
FN:428,(anonymous_22)
FN:509,(anonymous_23)
FN:585,(anonymous_24)
FN:592,(anonymous_25)
FN:619,(anonymous_26)
FN:629,(anonymous_27)
FN:637,(anonymous_28)
FN:642,(anonymous_29)
FN:647,(anonymous_30)
FN:651,(anonymous_31)
FN:660,(anonymous_32)
FN:668,(anonymous_33)
FN:720,(anonymous_34)
FNF:35
FNH:0
FNDA:0,(anonymous_0)
FNDA:0,(anonymous_1)
FNDA:0,(anonymous_2)
FNDA:0,(anonymous_3)
FNDA:0,(anonymous_4)
FNDA:0,(anonymous_5)
FNDA:0,(anonymous_6)
FNDA:0,(anonymous_7)
FNDA:0,(anonymous_8)
FNDA:0,(anonymous_9)
FNDA:0,(anonymous_10)
FNDA:0,(anonymous_11)
FNDA:0,(anonymous_12)
FNDA:0,(anonymous_13)
FNDA:0,(anonymous_14)
FNDA:0,(anonymous_15)
FNDA:0,(anonymous_16)
FNDA:0,(anonymous_17)
FNDA:0,(anonymous_18)
FNDA:0,(anonymous_19)
FNDA:0,(anonymous_20)
FNDA:0,(anonymous_21)
FNDA:0,(anonymous_22)
FNDA:0,(anonymous_23)
FNDA:0,(anonymous_24)
FNDA:0,(anonymous_25)
FNDA:0,(anonymous_26)
FNDA:0,(anonymous_27)
FNDA:0,(anonymous_28)
FNDA:0,(anonymous_29)
FNDA:0,(anonymous_30)
FNDA:0,(anonymous_31)
FNDA:0,(anonymous_32)
FNDA:0,(anonymous_33)
FNDA:0,(anonymous_34)
DA:31,0
DA:46,0
DA:47,0
DA:48,0
DA:50,0
DA:55,0
DA:56,0
DA:60,0
DA:61,0
DA:62,0
DA:63,0
DA:65,0
DA:70,0
DA:71,0
DA:72,0
DA:74,0
DA:75,0
DA:78,0
DA:79,0
DA:82,0
DA:83,0
DA:84,0
DA:87,0
DA:88,0
DA:89,0
DA:90,0
DA:93,0
DA:94,0
DA:95,0
DA:98,0
DA:99,0
DA:100,0
DA:101,0
DA:106,0
DA:107,0
DA:110,0
DA:111,0
DA:114,0
DA:117,0
DA:118,0
DA:122,0
DA:123,0
DA:124,0
DA:127,0
DA:128,0
DA:132,0
DA:133,0
DA:141,0
DA:143,0
DA:144,0
DA:146,0
DA:148,0
DA:149,0
DA:151,0
DA:153,0
DA:154,0
DA:155,0
DA:157,0
DA:158,0
DA:160,0
DA:161,0
DA:163,0
DA:166,0
DA:173,0
DA:175,0
DA:176,0
DA:177,0
DA:178,0
DA:179,0
DA:183,0
DA:190,0
DA:192,0
DA:193,0
DA:194,0
DA:205,0
DA:206,0
DA:208,0
DA:209,0
DA:220,0
DA:221,0
DA:223,0
DA:224,0
DA:235,0
DA:236,0
DA:238,0
DA:242,0
DA:253,0
DA:254,0
DA:256,0
DA:257,0
DA:268,0
DA:269,0
DA:283,0
DA:288,0
DA:300,0
DA:301,0
DA:304,0
DA:305,0
DA:317,0
DA:318,0
DA:322,0
DA:325,0
DA:335,0
DA:336,0
DA:337,0
DA:338,0
DA:339,0
DA:341,0
DA:342,0
DA:347,0
DA:351,0
DA:356,0
DA:382,0
DA:383,0
DA:403,0
DA:407,0
DA:408,0
DA:410,0
DA:411,0
DA:412,0
DA:414,0
DA:415,0
DA:416,0
DA:418,0
DA:421,0
DA:424,0
DA:429,0
DA:438,0
DA:440,0
DA:441,0
DA:443,0
DA:444,0
DA:447,0
DA:449,0
DA:450,0
DA:464,0
DA:465,0
DA:489,0
DA:490,0
DA:504,0
DA:506,0
DA:510,0
DA:515,0
DA:516,0
DA:517,0
DA:519,0
DA:520,0
DA:523,0
DA:525,0
DA:526,0
DA:540,0
DA:541,0
DA:565,0
DA:566,0
DA:580,0
DA:582,0
DA:586,0
DA:588,0
DA:589,0
DA:592,0
DA:593,0
DA:594,0
DA:597,0
DA:598,0
DA:599,0
DA:601,0
DA:606,0
DA:611,0
DA:614,0
DA:616,0
DA:620,0
DA:622,0
DA:623,0
DA:625,0
DA:626,0
DA:630,0
DA:632,0
DA:634,0
DA:635,0
DA:637,0
DA:638,0
DA:639,0
DA:642,0
DA:644,0
DA:647,0
DA:648,0
DA:649,0
DA:651,0
DA:659,0
DA:660,0
DA:661,0
DA:662,0
DA:663,0
DA:664,0
DA:669,0
DA:671,0
DA:673,0
DA:674,0
DA:675,0
DA:676,0
DA:677,0
DA:678,0
DA:681,0
DA:682,0
DA:684,0
DA:686,0
DA:690,0
DA:691,0
DA:692,0
DA:695,0
DA:696,0
DA:700,0
DA:704,0
DA:705,0
DA:706,0
DA:707,0
DA:709,0
DA:712,0
DA:713,0
DA:714,0
DA:717,0
DA:721,0
DA:723,0
DA:725,0
DA:726,0
DA:729,0
DA:731,0
LF:227
LH:0
BRDA:72,0,0,0
BRDA:72,0,1,0
BRDA:74,1,0,0
BRDA:74,1,1,0
BRDA:117,2,0,0
BRDA:117,2,1,0
BRDA:125,3,0,0
BRDA:125,3,1,0
BRDA:127,4,0,0
BRDA:127,4,1,0
BRDA:141,5,0,0
BRDA:141,5,1,0
BRDA:141,5,2,0
BRDA:143,6,0,0
BRDA:143,6,1,0
BRDA:148,7,0,0
BRDA:148,7,1,0
BRDA:154,8,0,0
BRDA:154,8,1,0
BRDA:157,9,0,0
BRDA:157,9,1,0
BRDA:160,10,0,0
BRDA:160,10,1,0
BRDA:178,11,0,0
BRDA:178,11,1,0
BRDA:190,12,0,0
BRDA:190,12,1,0
BRDA:190,12,2,0
BRDA:190,12,3,0
BRDA:190,12,4,0
BRDA:190,12,5,0
BRDA:190,12,6,0
BRDA:190,12,7,0
BRDA:190,12,8,0
BRDA:192,13,0,0
BRDA:192,13,1,0
BRDA:205,14,0,0
BRDA:205,14,1,0
BRDA:220,15,0,0
BRDA:220,15,1,0
BRDA:235,16,0,0
BRDA:235,16,1,0
BRDA:235,17,0,0
BRDA:235,17,1,0
BRDA:253,18,0,0
BRDA:253,18,1,0
BRDA:278,19,0,0
BRDA:278,19,1,0
BRDA:300,20,0,0
BRDA:300,20,1,0
BRDA:317,21,0,0
BRDA:317,21,1,0
BRDA:382,22,0,0
BRDA:382,22,1,0
BRDA:408,23,0,0
BRDA:408,23,1,0
BRDA:414,24,0,0
BRDA:414,24,1,0
BRDA:414,25,0,0
BRDA:414,25,1,0
BRDA:432,26,0,0
BRDA:432,26,1,0
BRDA:432,27,0,0
BRDA:432,27,1,0
BRDA:440,28,0,0
BRDA:440,28,1,0
BRDA:443,29,0,0
BRDA:443,29,1,0
BRDA:449,30,0,0
BRDA:449,30,1,0
BRDA:464,31,0,0
BRDA:464,31,1,0
BRDA:482,32,0,0
BRDA:482,32,1,0
BRDA:489,33,0,0
BRDA:489,33,1,0
BRDA:495,34,0,0
BRDA:495,34,1,0
BRDA:515,35,0,0
BRDA:515,35,1,0
BRDA:519,36,0,0
BRDA:519,36,1,0
BRDA:525,37,0,0
BRDA:525,37,1,0
BRDA:540,38,0,0
BRDA:540,38,1,0
BRDA:558,39,0,0
BRDA:558,39,1,0
BRDA:565,40,0,0
BRDA:565,40,1,0
BRDA:571,41,0,0
BRDA:571,41,1,0
BRDA:593,42,0,0
BRDA:593,42,1,0
BRDA:602,43,0,0
BRDA:602,43,1,0
BRDA:629,44,0,0
BRDA:673,45,0,0
BRDA:673,45,1,0
BRDA:684,46,0,0
BRDA:684,46,1,0
BRDA:684,47,0,0
BRDA:684,47,1,0
BRDA:690,48,0,0
BRDA:690,48,1,0
BRDA:695,49,0,0
BRDA:695,49,1,0
BRDA:695,50,0,0
BRDA:695,50,1,0
BRDA:704,51,0,0
BRDA:704,51,1,0
BRDA:725,52,0,0
BRDA:725,52,1,0
BRF:113
BRH:0
end_of_record
TN:
SF:src/types/index.ts
FN:259,(anonymous_0)
FNF:1
FNH:1
FNDA:1,(anonymous_0)
DA:259,1
DA:260,1
DA:261,1
DA:262,1
DA:263,1
LF:5
LH:5
BRDA:259,0,0,1
BRDA:259,0,1,1
BRF:2
BRH:2
end_of_record
TN:
SF:src/utils/configValidator.ts
FN:47,validateProviderConfig
FN:110,validateAllProviderConfigs
FN:123,getConfiguredProviders
FN:124,(anonymous_3)
FN:124,(anonymous_4)
FN:130,logConfigurationStatus
FN:133,(anonymous_6)
FN:134,(anonymous_7)
FN:138,(anonymous_8)
FN:145,(anonymous_9)
FN:152,(anonymous_10)
FN:167,getConfigurationHelp
FN:176,(anonymous_12)
FN:179,(anonymous_13)
FN:198,hasGitHubProjectMapping
FN:207,hasAzureProjectMapping
FN:216,validateConfigurationForCLI
FN:227,(anonymous_17)
FNF:18
FNH:18
FNDA:33,validateProviderConfig
FNDA:4,validateAllProviderConfigs
FNDA:4,getConfiguredProviders
FNDA:11,(anonymous_3)
FNDA:3,(anonymous_4)
FNDA:4,logConfigurationStatus
FNDA:8,(anonymous_6)
FNDA:8,(anonymous_7)
FNDA:3,(anonymous_8)
FNDA:5,(anonymous_9)
FNDA:3,(anonymous_10)
FNDA:3,getConfigurationHelp
FNDA:1,(anonymous_12)
FNDA:1,(anonymous_13)
FNDA:1,hasGitHubProjectMapping
FNDA:1,hasAzureProjectMapping
FNDA:2,validateConfigurationForCLI
FNDA:6,(anonymous_17)
DA:23,2
DA:47,2
DA:48,33
DA:50,33
DA:51,1
DA:60,32
DA:61,35
DA:63,35
DA:64,25
DA:74,7
DA:76,4
DA:77,1
DA:85,3
DA:88,2
DA:89,1
DA:97,1
DA:100,5
DA:110,2
DA:111,4
DA:113,4
DA:114,12
DA:117,4
DA:123,2
DA:124,11
DA:130,2
DA:131,4
DA:133,8
DA:134,8
DA:136,4
DA:137,2
DA:138,2
DA:139,3
DA:143,4
DA:144,2
DA:145,2
DA:146,5
DA:150,4
DA:151,2
DA:152,2
DA:153,3
DA:154,3
DA:155,3
DA:158,2
DA:161,4
DA:167,2
DA:168,3
DA:169,2
DA:170,2
DA:172,1
DA:176,1
DA:179,1
DA:182,1
DA:201,1
DA:210,1
DA:216,2
DA:222,2
DA:223,2
DA:224,2
DA:225,2
DA:227,2
DA:228,6
DA:229,5
DA:230,5
DA:232,0
DA:237,2
LF:65
LH:64
BRDA:50,0,0,1
BRDA:50,0,1,32
BRDA:63,1,0,25
BRDA:63,1,1,10
BRDA:63,2,0,35
BRDA:63,2,1,14
BRDA:63,2,2,13
BRDA:63,2,3,12
BRDA:74,3,0,4
BRDA:74,3,1,2
BRDA:76,4,0,1
BRDA:76,4,1,3
BRDA:76,5,0,4
BRDA:76,5,1,1
BRDA:88,6,0,1
BRDA:88,6,1,1
BRDA:88,7,0,2
BRDA:88,7,1,1
BRDA:136,8,0,2
BRDA:136,8,1,2
BRDA:143,9,0,2
BRDA:143,9,1,2
BRDA:150,10,0,2
BRDA:150,10,1,2
BRDA:154,11,0,3
BRDA:154,11,1,0
BRDA:168,12,0,2
BRDA:168,12,1,1
BRDA:170,13,0,1
BRDA:170,13,1,1
BRDA:228,14,0,5
BRDA:228,14,1,1
BRDA:229,15,0,5
BRDA:229,15,1,0
BRDA:229,16,0,5
BRDA:229,16,1,0
BRDA:230,17,0,5
BRDA:230,17,1,0
BRDA:232,18,0,0
BRDA:232,18,1,0
BRF:40
BRH:34
end_of_record
TN:
SF:src/utils/errorClassifier.ts
FN:16,classifyError
FN:84,shouldAttemptReconnection
FNF:2
FNH:2
FNDA:27,classifyError
FNDA:10,shouldAttemptReconnection
DA:16,2
DA:17,27
DA:18,27
DA:21,27
DA:32,10
DA:40,17
DA:52,10
DA:60,7
DA:66,4
DA:74,3
DA:84,2
DA:91,10
DA:92,3
DA:96,7
DA:97,3
DA:98,3
DA:99,1
DA:103,6
LF:18
LH:18
BRDA:17,0,0,25
BRDA:17,0,1,2
BRDA:21,1,0,10
BRDA:21,1,1,17
BRDA:22,2,0,27
BRDA:22,2,1,25
BRDA:22,2,2,24
BRDA:22,2,3,22
BRDA:22,2,4,22
BRDA:22,2,5,21
BRDA:22,2,6,20
BRDA:22,2,7,19
BRDA:22,2,8,18
BRDA:40,3,0,10
BRDA:40,3,1,7
BRDA:41,4,0,17
BRDA:41,4,1,16
BRDA:41,4,2,14
BRDA:41,4,3,13
BRDA:41,4,4,12
BRDA:41,4,5,11
BRDA:41,4,6,10
BRDA:41,4,7,9
BRDA:41,4,8,8
BRDA:41,4,9,7
BRDA:60,5,0,4
BRDA:60,5,1,3
BRDA:61,6,0,7
BRDA:61,6,1,2
BRDA:61,6,2,6
BRDA:61,6,3,5
BRDA:61,6,4,4
BRDA:61,6,5,1
BRDA:85,7,0,1
BRDA:87,8,0,1
BRDA:88,9,0,4
BRDA:91,10,0,3
BRDA:91,10,1,7
BRDA:96,11,0,3
BRDA:96,11,1,4
BRDA:98,12,0,1
BRDA:98,12,1,2
BRF:42
BRH:42
end_of_record
TN:
SF:src/utils/tokenStorage.ts
FN:14,(anonymous_9)
FN:18,(anonymous_10)
FN:28,(anonymous_11)
FN:46,(anonymous_12)
FN:51,(anonymous_13)
FN:57,(anonymous_14)
FN:65,(anonymous_15)
FNF:7
FNH:7
FNDA:18,(anonymous_9)
FNDA:8,(anonymous_10)
FNDA:5,(anonymous_11)
FNDA:3,(anonymous_12)
FNDA:2,(anonymous_13)
FNDA:2,(anonymous_14)
FNDA:3,(anonymous_15)
DA:1,1
DA:2,1
DA:11,1
DA:15,18
DA:19,8
DA:20,8
DA:21,6
DA:24,3
DA:29,5
DA:34,5
DA:35,5
DA:38,4
DA:40,4
DA:47,3
DA:48,3
DA:52,2
DA:53,2
DA:54,2
DA:58,2
DA:59,2
DA:66,3
LF:21
LH:21
BRDA:15,0,0,18
BRDA:15,0,1,1
BRDA:41,1,0,4
BRDA:41,1,1,0
BRF:4
BRH:3
end_of_record
TN:
SF:src/utils/typeGuards.ts
FN:3,isMCPResult
FN:11,(anonymous_1)
FN:21,isProviderAPIResponse
FN:32,hasTextContent
FN:43,isStringOrHasProperty
FN:54,isArrayOfItems
FN:62,isLabelLike
FN:76,isGitLabIssue
FN:97,isGitLabEpic
FN:110,isGitHubIssue
FN:131,isAzureWorkItem
FN:142,isAPIResponse
FNF:12
FNH:12
FNDA:24,isMCPResult
FNDA:16,(anonymous_1)
FNDA:16,isProviderAPIResponse
FNDA:15,hasTextContent
FNDA:7,isStringOrHasProperty
FNDA:6,isArrayOfItems
FNDA:31,isLabelLike
FNDA:7,isGitLabIssue
FNDA:4,isGitLabEpic
FNDA:5,isGitHubIssue
FNDA:4,isAzureWorkItem
FNDA:7,isAPIResponse
DA:3,3
DA:4,24
DA:6,18
DA:8,18
DA:9,16
DA:11,15
DA:12,16
DA:13,16
DA:14,16
DA:18,2
DA:21,3
DA:22,16
DA:24,12
DA:26,12
DA:32,3
DA:33,15
DA:35,13
DA:43,3
DA:47,7
DA:48,6
DA:50,3
DA:51,3
DA:54,3
DA:58,6
DA:59,3
DA:62,3
DA:65,31
DA:66,27
DA:68,24
DA:69,24
DA:76,3
DA:85,7
DA:86,5
DA:87,5
DA:97,3
DA:103,4
DA:104,4
DA:105,4
DA:110,3
DA:119,5
DA:120,5
DA:121,5
DA:131,3
DA:135,4
DA:136,4
DA:137,4
DA:142,3
DA:143,7
LF:48
LH:48
BRDA:4,0,0,6
BRDA:4,0,1,18
BRDA:4,1,0,24
BRDA:4,1,1,22
BRDA:8,2,0,16
BRDA:8,2,1,2
BRDA:9,3,0,1
BRDA:9,3,1,15
BRDA:12,4,0,0
BRDA:12,4,1,16
BRDA:12,5,0,16
BRDA:12,5,1,16
BRDA:14,6,0,16
BRDA:14,6,1,15
BRDA:22,7,0,4
BRDA:22,7,1,12
BRDA:22,8,0,16
BRDA:22,8,1,14
BRDA:27,9,0,12
BRDA:27,9,1,3
BRDA:27,9,2,2
BRDA:27,9,3,11
BRDA:27,9,4,3
BRDA:27,9,5,2
BRDA:33,10,0,2
BRDA:33,10,1,13
BRDA:33,11,0,15
BRDA:33,11,1,14
BRDA:36,12,0,13
BRDA:36,12,1,12
BRDA:36,12,2,12
BRDA:36,12,3,11
BRDA:47,13,0,1
BRDA:47,13,1,6
BRDA:48,14,0,3
BRDA:48,14,1,3
BRDA:48,15,0,6
BRDA:48,15,1,5
BRDA:51,16,0,3
BRDA:51,16,1,2
BRDA:58,17,0,3
BRDA:58,17,1,3
BRDA:65,18,0,4
BRDA:65,18,1,27
BRDA:66,19,0,3
BRDA:66,19,1,24
BRDA:66,20,0,27
BRDA:66,20,1,26
BRDA:70,21,0,24
BRDA:70,21,1,19
BRDA:70,21,2,6
BRDA:70,21,3,4
BRDA:85,22,0,2
BRDA:85,22,1,5
BRDA:85,23,0,7
BRDA:85,23,1,6
BRDA:88,24,0,5
BRDA:88,24,1,4
BRDA:88,24,2,4
BRDA:88,24,3,3
BRDA:88,24,4,3
BRDA:88,24,5,2
BRDA:103,25,0,0
BRDA:103,25,1,4
BRDA:103,26,0,4
BRDA:103,26,1,4
BRDA:106,27,0,4
BRDA:106,27,1,3
BRDA:106,27,2,3
BRDA:106,27,3,2
BRDA:119,28,0,0
BRDA:119,28,1,5
BRDA:119,29,0,5
BRDA:119,29,1,5
BRDA:122,30,0,5
BRDA:122,30,1,4
BRDA:122,30,2,4
BRDA:122,30,3,3
BRDA:122,30,4,3
BRDA:122,30,5,2
BRDA:135,31,0,0
BRDA:135,31,1,4
BRDA:135,32,0,4
BRDA:135,32,1,4
BRDA:138,33,0,4
BRDA:138,33,1,3
BRDA:138,33,2,3
BRDA:138,33,3,2
BRDA:143,34,0,7
BRDA:143,34,1,6
BRF:90
BRH:86
end_of_record
